mode: set
github.com/orneryd/nornicdb/pkg/bolt/server.go:77.30,84.2 1 1
github.com/orneryd/nornicdb/pkg/bolt/server.go:87.58,88.19 1 1
github.com/orneryd/nornicdb/pkg/bolt/server.go:88.19,90.3 1 1
github.com/orneryd/nornicdb/pkg/bolt/server.go:92.2,96.3 1 1
github.com/orneryd/nornicdb/pkg/bolt/server.go:100.41,103.16 3 1
github.com/orneryd/nornicdb/pkg/bolt/server.go:103.16,105.3 1 1
github.com/orneryd/nornicdb/pkg/bolt/server.go:106.2,110.18 3 1
github.com/orneryd/nornicdb/pkg/bolt/server.go:114.32,115.6 1 1
github.com/orneryd/nornicdb/pkg/bolt/server.go:115.6,116.22 1 1
github.com/orneryd/nornicdb/pkg/bolt/server.go:116.22,118.4 1 0
github.com/orneryd/nornicdb/pkg/bolt/server.go:120.3,121.17 2 1
github.com/orneryd/nornicdb/pkg/bolt/server.go:121.17,122.23 1 1
github.com/orneryd/nornicdb/pkg/bolt/server.go:122.23,124.5 1 1
github.com/orneryd/nornicdb/pkg/bolt/server.go:125.4,125.12 1 0
github.com/orneryd/nornicdb/pkg/bolt/server.go:128.3,128.30 1 0
github.com/orneryd/nornicdb/pkg/bolt/server.go:133.32,135.23 2 1
github.com/orneryd/nornicdb/pkg/bolt/server.go:135.23,137.3 1 1
github.com/orneryd/nornicdb/pkg/bolt/server.go:138.2,138.12 1 1
github.com/orneryd/nornicdb/pkg/bolt/server.go:142.34,144.2 1 1
github.com/orneryd/nornicdb/pkg/bolt/server.go:147.50,157.44 3 1
github.com/orneryd/nornicdb/pkg/bolt/server.go:157.44,160.3 2 1
github.com/orneryd/nornicdb/pkg/bolt/server.go:163.2,163.6 1 1
github.com/orneryd/nornicdb/pkg/bolt/server.go:163.6,164.22 1 1
github.com/orneryd/nornicdb/pkg/bolt/server.go:164.22,166.4 1 1
github.com/orneryd/nornicdb/pkg/bolt/server.go:167.3,167.49 1 1
github.com/orneryd/nornicdb/pkg/bolt/server.go:167.49,168.21 1 1
github.com/orneryd/nornicdb/pkg/bolt/server.go:168.21,170.5 1 1
github.com/orneryd/nornicdb/pkg/bolt/server.go:171.4,172.10 2 0
github.com/orneryd/nornicdb/pkg/bolt/server.go:193.37,196.54 2 1
github.com/orneryd/nornicdb/pkg/bolt/server.go:196.54,198.3 1 1
github.com/orneryd/nornicdb/pkg/bolt/server.go:200.2,200.82 1 1
github.com/orneryd/nornicdb/pkg/bolt/server.go:200.82,202.3 1 1
github.com/orneryd/nornicdb/pkg/bolt/server.go:205.2,206.57 2 1
github.com/orneryd/nornicdb/pkg/bolt/server.go:206.57,208.3 1 1
github.com/orneryd/nornicdb/pkg/bolt/server.go:211.2,215.50 3 1
github.com/orneryd/nornicdb/pkg/bolt/server.go:215.50,217.3 1 1
github.com/orneryd/nornicdb/pkg/bolt/server.go:219.2,219.12 1 1
github.com/orneryd/nornicdb/pkg/bolt/server.go:224.41,228.6 2 1
github.com/orneryd/nornicdb/pkg/bolt/server.go:228.6,231.56 2 1
github.com/orneryd/nornicdb/pkg/bolt/server.go:231.56,233.4 1 1
github.com/orneryd/nornicdb/pkg/bolt/server.go:235.3,236.16 2 1
github.com/orneryd/nornicdb/pkg/bolt/server.go:236.16,238.9 1 1
github.com/orneryd/nornicdb/pkg/bolt/server.go:242.3,243.55 2 1
github.com/orneryd/nornicdb/pkg/bolt/server.go:243.55,245.4 1 1
github.com/orneryd/nornicdb/pkg/bolt/server.go:247.3,247.38 1 1
github.com/orneryd/nornicdb/pkg/bolt/server.go:250.2,250.23 1 1
github.com/orneryd/nornicdb/pkg/bolt/server.go:250.23,252.3 1 1
github.com/orneryd/nornicdb/pkg/bolt/server.go:255.2,255.22 1 1
github.com/orneryd/nornicdb/pkg/bolt/server.go:255.22,257.3 1 1
github.com/orneryd/nornicdb/pkg/bolt/server.go:260.2,263.50 2 1
github.com/orneryd/nornicdb/pkg/bolt/server.go:263.50,267.3 3 1
github.com/orneryd/nornicdb/pkg/bolt/server.go:270.2,270.51 1 0
github.com/orneryd/nornicdb/pkg/bolt/server.go:274.68,275.17 1 1
github.com/orneryd/nornicdb/pkg/bolt/server.go:276.16,277.29 1 1
github.com/orneryd/nornicdb/pkg/bolt/server.go:278.18,279.16 1 1
github.com/orneryd/nornicdb/pkg/bolt/server.go:280.14,281.27 1 1
github.com/orneryd/nornicdb/pkg/bolt/server.go:282.15,283.28 1 1
github.com/orneryd/nornicdb/pkg/bolt/server.go:284.18,285.31 1 0
github.com/orneryd/nornicdb/pkg/bolt/server.go:286.16,287.29 1 1
github.com/orneryd/nornicdb/pkg/bolt/server.go:288.16,289.29 1 1
github.com/orneryd/nornicdb/pkg/bolt/server.go:290.17,291.30 1 1
github.com/orneryd/nornicdb/pkg/bolt/server.go:292.19,293.32 1 1
github.com/orneryd/nornicdb/pkg/bolt/server.go:294.16,295.29 1 0
github.com/orneryd/nornicdb/pkg/bolt/server.go:296.10,297.61 1 0
github.com/orneryd/nornicdb/pkg/bolt/server.go:302.50,309.2 1 1
github.com/orneryd/nornicdb/pkg/bolt/server.go:312.48,315.16 2 1
github.com/orneryd/nornicdb/pkg/bolt/server.go:315.16,318.3 2 1
github.com/orneryd/nornicdb/pkg/bolt/server.go:321.2,327.16 5 1
github.com/orneryd/nornicdb/pkg/bolt/server.go:327.16,330.3 2 0
github.com/orneryd/nornicdb/pkg/bolt/server.go:332.2,342.4 4 1
github.com/orneryd/nornicdb/pkg/bolt/server.go:346.49,347.22 1 1
github.com/orneryd/nornicdb/pkg/bolt/server.go:347.22,349.3 1 1
github.com/orneryd/nornicdb/pkg/bolt/server.go:350.2,350.27 1 1
github.com/orneryd/nornicdb/pkg/bolt/server.go:355.80,356.20 1 1
github.com/orneryd/nornicdb/pkg/bolt/server.go:356.20,358.3 1 1
github.com/orneryd/nornicdb/pkg/bolt/server.go:360.2,364.16 3 1
github.com/orneryd/nornicdb/pkg/bolt/server.go:364.16,366.3 1 1
github.com/orneryd/nornicdb/pkg/bolt/server.go:367.2,371.24 3 1
github.com/orneryd/nornicdb/pkg/bolt/server.go:371.24,373.17 2 1
github.com/orneryd/nornicdb/pkg/bolt/server.go:373.17,376.51 2 0
github.com/orneryd/nornicdb/pkg/bolt/server.go:376.51,378.5 1 0
github.com/orneryd/nornicdb/pkg/bolt/server.go:379.4,379.33 1 0
github.com/orneryd/nornicdb/pkg/bolt/server.go:380.9,383.4 2 1
github.com/orneryd/nornicdb/pkg/bolt/server.go:390.2,390.27 1 1
github.com/orneryd/nornicdb/pkg/bolt/server.go:394.49,395.25 1 1
github.com/orneryd/nornicdb/pkg/bolt/server.go:395.25,399.3 1 1
github.com/orneryd/nornicdb/pkg/bolt/server.go:402.2,403.19 2 0
github.com/orneryd/nornicdb/pkg/bolt/server.go:403.19,405.17 2 0
github.com/orneryd/nornicdb/pkg/bolt/server.go:405.17,406.30 1 0
github.com/orneryd/nornicdb/pkg/bolt/server.go:406.30,407.26 1 0
github.com/orneryd/nornicdb/pkg/bolt/server.go:408.16,409.20 1 0
github.com/orneryd/nornicdb/pkg/bolt/server.go:410.14,411.15 1 0
github.com/orneryd/nornicdb/pkg/bolt/server.go:418.2,418.45 1 0
github.com/orneryd/nornicdb/pkg/bolt/server.go:418.45,419.17 1 0
github.com/orneryd/nornicdb/pkg/bolt/server.go:419.17,420.9 1 0
github.com/orneryd/nornicdb/pkg/bolt/server.go:423.3,424.43 2 0
github.com/orneryd/nornicdb/pkg/bolt/server.go:424.43,426.4 1 0
github.com/orneryd/nornicdb/pkg/bolt/server.go:428.3,429.16 2 0
github.com/orneryd/nornicdb/pkg/bolt/server.go:429.16,431.4 1 0
github.com/orneryd/nornicdb/pkg/bolt/server.go:435.2,438.14 2 0
github.com/orneryd/nornicdb/pkg/bolt/server.go:438.14,441.3 2 0
github.com/orneryd/nornicdb/pkg/bolt/server.go:443.2,445.4 1 0
github.com/orneryd/nornicdb/pkg/bolt/server.go:449.52,455.2 3 0
github.com/orneryd/nornicdb/pkg/bolt/server.go:458.50,465.2 1 0
github.com/orneryd/nornicdb/pkg/bolt/server.go:468.50,473.2 4 1
github.com/orneryd/nornicdb/pkg/bolt/server.go:476.50,479.2 2 1
github.com/orneryd/nornicdb/pkg/bolt/server.go:482.51,485.2 2 1
github.com/orneryd/nornicdb/pkg/bolt/server.go:488.53,491.2 2 1
github.com/orneryd/nornicdb/pkg/bolt/server.go:494.50,499.2 3 0
github.com/orneryd/nornicdb/pkg/bolt/server.go:502.62,506.2 3 1
github.com/orneryd/nornicdb/pkg/bolt/server.go:509.59,517.2 4 1
github.com/orneryd/nornicdb/pkg/bolt/server.go:520.48,524.48 3 1
github.com/orneryd/nornicdb/pkg/bolt/server.go:524.48,526.3 1 1
github.com/orneryd/nornicdb/pkg/bolt/server.go:528.2,528.46 1 1
github.com/orneryd/nornicdb/pkg/bolt/server.go:528.46,530.3 1 1
github.com/orneryd/nornicdb/pkg/bolt/server.go:533.2,534.52 2 1
github.com/orneryd/nornicdb/pkg/bolt/server.go:534.52,536.3 1 1
github.com/orneryd/nornicdb/pkg/bolt/server.go:538.2,538.12 1 1
github.com/orneryd/nornicdb/pkg/bolt/server.go:545.51,546.29 1 1
github.com/orneryd/nornicdb/pkg/bolt/server.go:546.29,548.3 1 1
github.com/orneryd/nornicdb/pkg/bolt/server.go:550.2,552.15 3 1
github.com/orneryd/nornicdb/pkg/bolt/server.go:552.15,554.3 1 1
github.com/orneryd/nornicdb/pkg/bolt/server.go:554.8,554.23 1 0
github.com/orneryd/nornicdb/pkg/bolt/server.go:554.23,556.3 1 0
github.com/orneryd/nornicdb/pkg/bolt/server.go:556.8,558.3 1 0
github.com/orneryd/nornicdb/pkg/bolt/server.go:560.2,560.22 1 1
github.com/orneryd/nornicdb/pkg/bolt/server.go:560.22,563.3 2 1
github.com/orneryd/nornicdb/pkg/bolt/server.go:565.2,565.12 1 1
github.com/orneryd/nornicdb/pkg/bolt/server.go:568.47,569.37 1 1
github.com/orneryd/nornicdb/pkg/bolt/server.go:569.37,571.3 1 1
github.com/orneryd/nornicdb/pkg/bolt/server.go:573.2,575.15 3 1
github.com/orneryd/nornicdb/pkg/bolt/server.go:575.15,577.3 1 1
github.com/orneryd/nornicdb/pkg/bolt/server.go:577.8,577.23 1 0
github.com/orneryd/nornicdb/pkg/bolt/server.go:577.23,579.3 1 0
github.com/orneryd/nornicdb/pkg/bolt/server.go:579.8,581.3 1 0
github.com/orneryd/nornicdb/pkg/bolt/server.go:583.2,583.29 1 1
github.com/orneryd/nornicdb/pkg/bolt/server.go:583.29,585.3 1 1
github.com/orneryd/nornicdb/pkg/bolt/server.go:587.2,587.12 1 1
github.com/orneryd/nornicdb/pkg/bolt/server.go:590.46,594.17 3 1
github.com/orneryd/nornicdb/pkg/bolt/server.go:594.17,596.3 1 1
github.com/orneryd/nornicdb/pkg/bolt/server.go:596.8,596.25 1 1
github.com/orneryd/nornicdb/pkg/bolt/server.go:596.25,598.3 1 1
github.com/orneryd/nornicdb/pkg/bolt/server.go:598.8,598.27 1 1
github.com/orneryd/nornicdb/pkg/bolt/server.go:598.27,600.3 1 1
github.com/orneryd/nornicdb/pkg/bolt/server.go:600.8,602.3 1 0
github.com/orneryd/nornicdb/pkg/bolt/server.go:604.2,605.12 2 1
github.com/orneryd/nornicdb/pkg/bolt/server.go:608.42,609.25 1 1
github.com/orneryd/nornicdb/pkg/bolt/server.go:610.11,611.22 1 1
github.com/orneryd/nornicdb/pkg/bolt/server.go:612.12,613.10 1 1
github.com/orneryd/nornicdb/pkg/bolt/server.go:613.10,615.4 1 1
github.com/orneryd/nornicdb/pkg/bolt/server.go:616.3,616.22 1 1
github.com/orneryd/nornicdb/pkg/bolt/server.go:617.11,618.41 1 1
github.com/orneryd/nornicdb/pkg/bolt/server.go:619.13,620.34 1 1
github.com/orneryd/nornicdb/pkg/bolt/server.go:621.15,625.13 4 1
github.com/orneryd/nornicdb/pkg/bolt/server.go:626.14,627.37 1 1
github.com/orneryd/nornicdb/pkg/bolt/server.go:628.16,630.25 2 1
github.com/orneryd/nornicdb/pkg/bolt/server.go:630.25,632.4 1 1
github.com/orneryd/nornicdb/pkg/bolt/server.go:633.3,633.37 1 1
github.com/orneryd/nornicdb/pkg/bolt/server.go:634.13,635.35 1 0
github.com/orneryd/nornicdb/pkg/bolt/server.go:636.24,638.25 2 0
github.com/orneryd/nornicdb/pkg/bolt/server.go:638.25,640.4 1 0
github.com/orneryd/nornicdb/pkg/bolt/server.go:641.3,641.37 1 0
github.com/orneryd/nornicdb/pkg/bolt/server.go:642.22,643.34 1 1
github.com/orneryd/nornicdb/pkg/bolt/server.go:644.10,646.22 1 0
github.com/orneryd/nornicdb/pkg/bolt/server.go:650.44,651.30 1 1
github.com/orneryd/nornicdb/pkg/bolt/server.go:651.30,653.3 1 1
github.com/orneryd/nornicdb/pkg/bolt/server.go:654.2,654.30 1 1
github.com/orneryd/nornicdb/pkg/bolt/server.go:654.30,656.3 1 1
github.com/orneryd/nornicdb/pkg/bolt/server.go:657.2,657.35 1 1
github.com/orneryd/nornicdb/pkg/bolt/server.go:657.35,659.3 1 1
github.com/orneryd/nornicdb/pkg/bolt/server.go:660.2,660.45 1 1
github.com/orneryd/nornicdb/pkg/bolt/server.go:660.45,662.3 1 1
github.com/orneryd/nornicdb/pkg/bolt/server.go:663.2,664.63 1 0
github.com/orneryd/nornicdb/pkg/bolt/server.go:671.75,672.25 1 1
github.com/orneryd/nornicdb/pkg/bolt/server.go:672.25,674.3 1 0
github.com/orneryd/nornicdb/pkg/bolt/server.go:676.2,683.38 5 1
github.com/orneryd/nornicdb/pkg/bolt/server.go:683.38,685.3 1 1
github.com/orneryd/nornicdb/pkg/bolt/server.go:685.8,685.27 1 1
github.com/orneryd/nornicdb/pkg/bolt/server.go:685.27,686.26 1 1
github.com/orneryd/nornicdb/pkg/bolt/server.go:686.26,688.4 1 0
github.com/orneryd/nornicdb/pkg/bolt/server.go:689.3,690.11 2 1
github.com/orneryd/nornicdb/pkg/bolt/server.go:691.8,691.27 1 1
github.com/orneryd/nornicdb/pkg/bolt/server.go:691.27,692.28 1 0
github.com/orneryd/nornicdb/pkg/bolt/server.go:692.28,694.4 1 0
github.com/orneryd/nornicdb/pkg/bolt/server.go:695.3,696.14 2 0
github.com/orneryd/nornicdb/pkg/bolt/server.go:697.8,697.27 1 1
github.com/orneryd/nornicdb/pkg/bolt/server.go:697.27,698.28 1 0
github.com/orneryd/nornicdb/pkg/bolt/server.go:698.28,700.4 1 0
github.com/orneryd/nornicdb/pkg/bolt/server.go:701.3,702.14 2 0
github.com/orneryd/nornicdb/pkg/bolt/server.go:703.8,705.3 1 1
github.com/orneryd/nornicdb/pkg/bolt/server.go:707.2,707.31 1 1
github.com/orneryd/nornicdb/pkg/bolt/server.go:707.31,709.3 1 1
github.com/orneryd/nornicdb/pkg/bolt/server.go:711.2,712.50 2 1
github.com/orneryd/nornicdb/pkg/bolt/server.go:715.80,716.25 1 1
github.com/orneryd/nornicdb/pkg/bolt/server.go:716.25,718.3 1 0
github.com/orneryd/nornicdb/pkg/bolt/server.go:720.2,727.38 5 1
github.com/orneryd/nornicdb/pkg/bolt/server.go:727.38,729.3 1 1
github.com/orneryd/nornicdb/pkg/bolt/server.go:729.8,729.27 1 1
github.com/orneryd/nornicdb/pkg/bolt/server.go:729.27,730.26 1 0
github.com/orneryd/nornicdb/pkg/bolt/server.go:730.26,732.4 1 0
github.com/orneryd/nornicdb/pkg/bolt/server.go:733.3,734.11 2 0
github.com/orneryd/nornicdb/pkg/bolt/server.go:735.8,735.27 1 1
github.com/orneryd/nornicdb/pkg/bolt/server.go:735.27,736.28 1 0
github.com/orneryd/nornicdb/pkg/bolt/server.go:736.28,738.4 1 0
github.com/orneryd/nornicdb/pkg/bolt/server.go:739.3,740.14 2 0
github.com/orneryd/nornicdb/pkg/bolt/server.go:741.8,743.3 1 1
github.com/orneryd/nornicdb/pkg/bolt/server.go:745.2,747.28 2 1
github.com/orneryd/nornicdb/pkg/bolt/server.go:747.28,750.17 2 1
github.com/orneryd/nornicdb/pkg/bolt/server.go:750.17,752.4 1 0
github.com/orneryd/nornicdb/pkg/bolt/server.go:753.3,757.17 3 1
github.com/orneryd/nornicdb/pkg/bolt/server.go:757.17,759.4 1 0
github.com/orneryd/nornicdb/pkg/bolt/server.go:760.3,762.22 2 1
github.com/orneryd/nornicdb/pkg/bolt/server.go:765.2,765.42 1 1
github.com/orneryd/nornicdb/pkg/bolt/server.go:768.71,769.25 1 1
github.com/orneryd/nornicdb/pkg/bolt/server.go:769.25,771.3 1 0
github.com/orneryd/nornicdb/pkg/bolt/server.go:773.2,776.20 2 1
github.com/orneryd/nornicdb/pkg/bolt/server.go:776.20,778.3 1 1
github.com/orneryd/nornicdb/pkg/bolt/server.go:781.2,781.20 1 1
github.com/orneryd/nornicdb/pkg/bolt/server.go:781.20,783.3 1 1
github.com/orneryd/nornicdb/pkg/bolt/server.go:784.2,784.20 1 1
github.com/orneryd/nornicdb/pkg/bolt/server.go:784.20,786.3 1 1
github.com/orneryd/nornicdb/pkg/bolt/server.go:789.2,789.20 1 1
github.com/orneryd/nornicdb/pkg/bolt/server.go:789.20,791.3 1 1
github.com/orneryd/nornicdb/pkg/bolt/server.go:794.2,794.20 1 1
github.com/orneryd/nornicdb/pkg/bolt/server.go:794.20,796.3 1 1
github.com/orneryd/nornicdb/pkg/bolt/server.go:799.2,799.20 1 1
github.com/orneryd/nornicdb/pkg/bolt/server.go:799.20,800.28 1 1
github.com/orneryd/nornicdb/pkg/bolt/server.go:800.28,802.4 1 0
github.com/orneryd/nornicdb/pkg/bolt/server.go:803.3,803.45 1 1
github.com/orneryd/nornicdb/pkg/bolt/server.go:807.2,807.20 1 1
github.com/orneryd/nornicdb/pkg/bolt/server.go:807.20,808.28 1 1
github.com/orneryd/nornicdb/pkg/bolt/server.go:808.28,810.4 1 0
github.com/orneryd/nornicdb/pkg/bolt/server.go:811.3,812.28 2 1
github.com/orneryd/nornicdb/pkg/bolt/server.go:816.2,816.20 1 1
github.com/orneryd/nornicdb/pkg/bolt/server.go:816.20,817.28 1 0
github.com/orneryd/nornicdb/pkg/bolt/server.go:817.28,819.4 1 0
github.com/orneryd/nornicdb/pkg/bolt/server.go:820.3,821.28 2 0
github.com/orneryd/nornicdb/pkg/bolt/server.go:825.2,825.20 1 1
github.com/orneryd/nornicdb/pkg/bolt/server.go:825.20,826.28 1 0
github.com/orneryd/nornicdb/pkg/bolt/server.go:826.28,828.4 1 0
github.com/orneryd/nornicdb/pkg/bolt/server.go:829.3,831.21 2 0
github.com/orneryd/nornicdb/pkg/bolt/server.go:835.2,835.20 1 1
github.com/orneryd/nornicdb/pkg/bolt/server.go:835.20,836.28 1 1
github.com/orneryd/nornicdb/pkg/bolt/server.go:836.28,838.4 1 0
github.com/orneryd/nornicdb/pkg/bolt/server.go:839.3,840.44 2 1
github.com/orneryd/nornicdb/pkg/bolt/server.go:844.2,844.92 1 1
github.com/orneryd/nornicdb/pkg/bolt/server.go:844.92,846.3 1 1
github.com/orneryd/nornicdb/pkg/bolt/server.go:849.2,849.92 1 0
github.com/orneryd/nornicdb/pkg/bolt/server.go:849.92,851.3 1 0
github.com/orneryd/nornicdb/pkg/bolt/server.go:854.2,854.92 1 0
github.com/orneryd/nornicdb/pkg/bolt/server.go:854.92,856.3 1 0
github.com/orneryd/nornicdb/pkg/bolt/server.go:859.2,859.38 1 0
github.com/orneryd/nornicdb/pkg/bolt/server.go:859.38,862.3 1 0
github.com/orneryd/nornicdb/pkg/bolt/server.go:864.2,864.61 1 0
github.com/orneryd/nornicdb/pkg/bolt/server.go:867.72,868.25 1 1
github.com/orneryd/nornicdb/pkg/bolt/server.go:868.25,870.3 1 0
github.com/orneryd/nornicdb/pkg/bolt/server.go:872.2,879.38 5 1
github.com/orneryd/nornicdb/pkg/bolt/server.go:879.38,881.3 1 1
github.com/orneryd/nornicdb/pkg/bolt/server.go:881.8,881.27 1 1
github.com/orneryd/nornicdb/pkg/bolt/server.go:881.27,882.26 1 0
github.com/orneryd/nornicdb/pkg/bolt/server.go:882.26,884.4 1 0
github.com/orneryd/nornicdb/pkg/bolt/server.go:885.3,886.11 2 0
github.com/orneryd/nornicdb/pkg/bolt/server.go:887.8,887.27 1 1
github.com/orneryd/nornicdb/pkg/bolt/server.go:887.27,888.28 1 0
github.com/orneryd/nornicdb/pkg/bolt/server.go:888.28,890.4 1 0
github.com/orneryd/nornicdb/pkg/bolt/server.go:891.3,892.14 2 0
github.com/orneryd/nornicdb/pkg/bolt/server.go:893.8,893.27 1 1
github.com/orneryd/nornicdb/pkg/bolt/server.go:893.27,894.28 1 0
github.com/orneryd/nornicdb/pkg/bolt/server.go:894.28,896.4 1 0
github.com/orneryd/nornicdb/pkg/bolt/server.go:897.3,898.14 2 0
github.com/orneryd/nornicdb/pkg/bolt/server.go:899.8,901.3 1 1
github.com/orneryd/nornicdb/pkg/bolt/server.go:903.2,905.28 2 1
github.com/orneryd/nornicdb/pkg/bolt/server.go:905.28,907.17 2 1
github.com/orneryd/nornicdb/pkg/bolt/server.go:907.17,909.4 1 0
github.com/orneryd/nornicdb/pkg/bolt/server.go:910.3,911.14 2 1
github.com/orneryd/nornicdb/pkg/bolt/server.go:914.2,914.42 1 1
github.com/orneryd/nornicdb/pkg/cypher/executor.go:21.71,26.2 1 1
github.com/orneryd/nornicdb/pkg/cypher/executor.go:45.126,48.18 2 1
github.com/orneryd/nornicdb/pkg/cypher/executor.go:48.18,50.3 1 1
github.com/orneryd/nornicdb/pkg/cypher/executor.go:53.2,53.49 1 1
github.com/orneryd/nornicdb/pkg/cypher/executor.go:53.49,55.3 1 1
github.com/orneryd/nornicdb/pkg/cypher/executor.go:58.2,64.44 3 1
github.com/orneryd/nornicdb/pkg/cypher/executor.go:64.44,66.3 1 1
github.com/orneryd/nornicdb/pkg/cypher/executor.go:70.2,71.49 1 1
github.com/orneryd/nornicdb/pkg/cypher/executor.go:71.49,73.3 1 1
github.com/orneryd/nornicdb/pkg/cypher/executor.go:75.2,77.49 1 1
github.com/orneryd/nornicdb/pkg/cypher/executor.go:77.49,79.3 1 1
github.com/orneryd/nornicdb/pkg/cypher/executor.go:81.2,81.9 1 1
github.com/orneryd/nornicdb/pkg/cypher/executor.go:82.46,83.37 1 1
github.com/orneryd/nornicdb/pkg/cypher/executor.go:84.47,85.38 1 1
github.com/orneryd/nornicdb/pkg/cypher/executor.go:86.95,87.38 1 1
github.com/orneryd/nornicdb/pkg/cypher/executor.go:88.45,89.36 1 1
github.com/orneryd/nornicdb/pkg/cypher/executor.go:90.47,91.38 1 0
github.com/orneryd/nornicdb/pkg/cypher/executor.go:92.45,94.75 1 1
github.com/orneryd/nornicdb/pkg/cypher/executor.go:95.10,96.90 1 1
github.com/orneryd/nornicdb/pkg/cypher/executor.go:101.101,105.21 3 0
github.com/orneryd/nornicdb/pkg/cypher/executor.go:105.21,107.3 1 0
github.com/orneryd/nornicdb/pkg/cypher/executor.go:109.2,116.29 5 0
github.com/orneryd/nornicdb/pkg/cypher/executor.go:116.29,122.61 4 0
github.com/orneryd/nornicdb/pkg/cypher/executor.go:122.61,125.4 2 0
github.com/orneryd/nornicdb/pkg/cypher/executor.go:127.3,130.70 2 0
github.com/orneryd/nornicdb/pkg/cypher/executor.go:130.70,132.4 1 0
github.com/orneryd/nornicdb/pkg/cypher/executor.go:132.9,132.78 1 0
github.com/orneryd/nornicdb/pkg/cypher/executor.go:132.78,134.4 1 0
github.com/orneryd/nornicdb/pkg/cypher/executor.go:134.9,134.74 1 0
github.com/orneryd/nornicdb/pkg/cypher/executor.go:134.74,136.4 1 0
github.com/orneryd/nornicdb/pkg/cypher/executor.go:136.9,136.76 1 0
github.com/orneryd/nornicdb/pkg/cypher/executor.go:136.76,138.4 1 0
github.com/orneryd/nornicdb/pkg/cypher/executor.go:138.9,140.62 1 0
github.com/orneryd/nornicdb/pkg/cypher/executor.go:140.62,142.5 1 0
github.com/orneryd/nornicdb/pkg/cypher/executor.go:142.10,142.67 1 0
github.com/orneryd/nornicdb/pkg/cypher/executor.go:142.67,144.5 1 0
github.com/orneryd/nornicdb/pkg/cypher/executor.go:144.10,147.5 1 0
github.com/orneryd/nornicdb/pkg/cypher/executor.go:151.2,154.8 1 0
github.com/orneryd/nornicdb/pkg/cypher/executor.go:158.63,164.36 4 1
github.com/orneryd/nornicdb/pkg/cypher/executor.go:164.36,165.38 1 1
github.com/orneryd/nornicdb/pkg/cypher/executor.go:165.38,167.9 2 1
github.com/orneryd/nornicdb/pkg/cypher/executor.go:170.2,170.20 1 1
github.com/orneryd/nornicdb/pkg/cypher/executor.go:170.20,172.3 1 1
github.com/orneryd/nornicdb/pkg/cypher/executor.go:175.2,181.35 6 1
github.com/orneryd/nornicdb/pkg/cypher/executor.go:181.35,184.15 2 1
github.com/orneryd/nornicdb/pkg/cypher/executor.go:184.15,185.58 1 1
github.com/orneryd/nornicdb/pkg/cypher/executor.go:185.58,187.5 1 1
github.com/orneryd/nornicdb/pkg/cypher/executor.go:188.4,188.12 1 1
github.com/orneryd/nornicdb/pkg/cypher/executor.go:191.3,191.12 1 1
github.com/orneryd/nornicdb/pkg/cypher/executor.go:192.18,194.18 2 1
github.com/orneryd/nornicdb/pkg/cypher/executor.go:195.12,196.16 1 1
github.com/orneryd/nornicdb/pkg/cypher/executor.go:197.12,198.16 1 1
github.com/orneryd/nornicdb/pkg/cypher/executor.go:199.12,200.18 1 1
github.com/orneryd/nornicdb/pkg/cypher/executor.go:201.12,202.18 1 1
github.com/orneryd/nornicdb/pkg/cypher/executor.go:203.12,204.16 1 1
github.com/orneryd/nornicdb/pkg/cypher/executor.go:205.12,206.16 1 1
github.com/orneryd/nornicdb/pkg/cypher/executor.go:209.3,209.59 1 1
github.com/orneryd/nornicdb/pkg/cypher/executor.go:209.59,211.4 1 1
github.com/orneryd/nornicdb/pkg/cypher/executor.go:214.2,214.21 1 1
github.com/orneryd/nornicdb/pkg/cypher/executor.go:214.21,216.3 1 1
github.com/orneryd/nornicdb/pkg/cypher/executor.go:217.2,217.23 1 1
github.com/orneryd/nornicdb/pkg/cypher/executor.go:217.23,219.3 1 1
github.com/orneryd/nornicdb/pkg/cypher/executor.go:220.2,220.21 1 1
github.com/orneryd/nornicdb/pkg/cypher/executor.go:220.21,222.3 1 1
github.com/orneryd/nornicdb/pkg/cypher/executor.go:223.2,223.14 1 1
github.com/orneryd/nornicdb/pkg/cypher/executor.go:223.14,225.3 1 1
github.com/orneryd/nornicdb/pkg/cypher/executor.go:227.2,227.12 1 1
github.com/orneryd/nornicdb/pkg/cypher/executor.go:233.97,234.39 1 1
github.com/orneryd/nornicdb/pkg/cypher/executor.go:234.39,236.3 1 1
github.com/orneryd/nornicdb/pkg/cypher/executor.go:240.2,242.80 2 1
github.com/orneryd/nornicdb/pkg/cypher/executor.go:242.80,248.14 3 1
github.com/orneryd/nornicdb/pkg/cypher/executor.go:248.14,251.4 1 0
github.com/orneryd/nornicdb/pkg/cypher/executor.go:253.3,253.33 1 1
github.com/orneryd/nornicdb/pkg/cypher/executor.go:256.2,256.15 1 1
github.com/orneryd/nornicdb/pkg/cypher/executor.go:260.64,261.14 1 1
github.com/orneryd/nornicdb/pkg/cypher/executor.go:261.14,263.3 1 1
github.com/orneryd/nornicdb/pkg/cypher/executor.go:265.2,265.25 1 1
github.com/orneryd/nornicdb/pkg/cypher/executor.go:266.14,271.38 3 1
github.com/orneryd/nornicdb/pkg/cypher/executor.go:273.11,274.43 1 1
github.com/orneryd/nornicdb/pkg/cypher/executor.go:275.12,276.43 1 1
github.com/orneryd/nornicdb/pkg/cypher/executor.go:277.13,278.43 1 1
github.com/orneryd/nornicdb/pkg/cypher/executor.go:279.13,280.43 1 1
github.com/orneryd/nornicdb/pkg/cypher/executor.go:281.13,282.36 1 1
github.com/orneryd/nornicdb/pkg/cypher/executor.go:283.12,284.45 1 1
github.com/orneryd/nornicdb/pkg/cypher/executor.go:285.13,286.45 1 1
github.com/orneryd/nornicdb/pkg/cypher/executor.go:287.14,288.45 1 1
github.com/orneryd/nornicdb/pkg/cypher/executor.go:289.14,290.45 1 1
github.com/orneryd/nornicdb/pkg/cypher/executor.go:291.14,292.37 1 1
github.com/orneryd/nornicdb/pkg/cypher/executor.go:294.15,295.56 1 1
github.com/orneryd/nornicdb/pkg/cypher/executor.go:296.15,297.47 1 1
github.com/orneryd/nornicdb/pkg/cypher/executor.go:299.12,300.10 1 1
github.com/orneryd/nornicdb/pkg/cypher/executor.go:300.10,302.4 1 1
github.com/orneryd/nornicdb/pkg/cypher/executor.go:303.3,303.17 1 1
github.com/orneryd/nornicdb/pkg/cypher/executor.go:305.21,308.28 2 1
github.com/orneryd/nornicdb/pkg/cypher/executor.go:308.28,310.4 1 1
github.com/orneryd/nornicdb/pkg/cypher/executor.go:311.3,311.47 1 1
github.com/orneryd/nornicdb/pkg/cypher/executor.go:313.16,316.28 2 1
github.com/orneryd/nornicdb/pkg/cypher/executor.go:316.28,318.4 1 1
github.com/orneryd/nornicdb/pkg/cypher/executor.go:319.3,319.47 1 1
github.com/orneryd/nornicdb/pkg/cypher/executor.go:321.13,323.28 2 1
github.com/orneryd/nornicdb/pkg/cypher/executor.go:323.28,325.4 1 1
github.com/orneryd/nornicdb/pkg/cypher/executor.go:326.3,326.47 1 1
github.com/orneryd/nornicdb/pkg/cypher/executor.go:328.15,330.28 2 1
github.com/orneryd/nornicdb/pkg/cypher/executor.go:330.28,332.4 1 1
github.com/orneryd/nornicdb/pkg/cypher/executor.go:333.3,333.47 1 1
github.com/orneryd/nornicdb/pkg/cypher/executor.go:335.17,337.28 2 1
github.com/orneryd/nornicdb/pkg/cypher/executor.go:337.28,339.4 1 1
github.com/orneryd/nornicdb/pkg/cypher/executor.go:340.3,340.47 1 1
github.com/orneryd/nornicdb/pkg/cypher/executor.go:342.30,345.25 2 1
github.com/orneryd/nornicdb/pkg/cypher/executor.go:345.25,347.4 1 1
github.com/orneryd/nornicdb/pkg/cypher/executor.go:348.3,348.47 1 1
github.com/orneryd/nornicdb/pkg/cypher/executor.go:350.10,352.32 1 1
github.com/orneryd/nornicdb/pkg/cypher/executor.go:357.100,368.21 4 1
github.com/orneryd/nornicdb/pkg/cypher/executor.go:368.21,373.3 3 1
github.com/orneryd/nornicdb/pkg/cypher/executor.go:376.2,380.70 3 1
github.com/orneryd/nornicdb/pkg/cypher/executor.go:380.70,382.37 2 1
github.com/orneryd/nornicdb/pkg/cypher/executor.go:382.37,384.4 1 1
github.com/orneryd/nornicdb/pkg/cypher/executor.go:386.2,390.67 3 1
github.com/orneryd/nornicdb/pkg/cypher/executor.go:390.67,393.3 2 1
github.com/orneryd/nornicdb/pkg/cypher/executor.go:396.2,398.35 3 1
github.com/orneryd/nornicdb/pkg/cypher/executor.go:398.35,399.23 1 1
github.com/orneryd/nornicdb/pkg/cypher/executor.go:399.23,401.4 1 1
github.com/orneryd/nornicdb/pkg/cypher/executor.go:401.9,403.4 1 1
github.com/orneryd/nornicdb/pkg/cypher/executor.go:407.2,408.35 2 1
github.com/orneryd/nornicdb/pkg/cypher/executor.go:408.35,415.45 2 1
github.com/orneryd/nornicdb/pkg/cypher/executor.go:415.45,417.9 2 1
github.com/orneryd/nornicdb/pkg/cypher/executor.go:422.2,424.18 3 1
github.com/orneryd/nornicdb/pkg/cypher/executor.go:424.18,426.3 1 1
github.com/orneryd/nornicdb/pkg/cypher/executor.go:426.8,426.26 1 1
github.com/orneryd/nornicdb/pkg/cypher/executor.go:426.26,428.3 1 1
github.com/orneryd/nornicdb/pkg/cypher/executor.go:429.2,438.33 5 1
github.com/orneryd/nornicdb/pkg/cypher/executor.go:438.33,440.3 1 1
github.com/orneryd/nornicdb/pkg/cypher/executor.go:440.8,442.3 1 1
github.com/orneryd/nornicdb/pkg/cypher/executor.go:443.2,443.16 1 1
github.com/orneryd/nornicdb/pkg/cypher/executor.go:443.16,445.3 1 0
github.com/orneryd/nornicdb/pkg/cypher/executor.go:448.2,448.18 1 1
github.com/orneryd/nornicdb/pkg/cypher/executor.go:448.18,452.3 2 1
github.com/orneryd/nornicdb/pkg/cypher/executor.go:455.2,455.20 1 1
github.com/orneryd/nornicdb/pkg/cypher/executor.go:455.20,457.3 1 1
github.com/orneryd/nornicdb/pkg/cypher/executor.go:460.2,461.20 2 1
github.com/orneryd/nornicdb/pkg/cypher/executor.go:461.20,465.52 3 1
github.com/orneryd/nornicdb/pkg/cypher/executor.go:465.52,466.69 1 1
github.com/orneryd/nornicdb/pkg/cypher/executor.go:466.69,468.5 1 1
github.com/orneryd/nornicdb/pkg/cypher/executor.go:470.3,471.63 2 1
github.com/orneryd/nornicdb/pkg/cypher/executor.go:475.2,477.17 3 1
github.com/orneryd/nornicdb/pkg/cypher/executor.go:477.17,480.51 3 1
github.com/orneryd/nornicdb/pkg/cypher/executor.go:480.51,482.4 1 1
github.com/orneryd/nornicdb/pkg/cypher/executor.go:486.2,488.18 3 1
github.com/orneryd/nornicdb/pkg/cypher/executor.go:488.18,491.52 3 1
github.com/orneryd/nornicdb/pkg/cypher/executor.go:491.52,493.4 1 1
github.com/orneryd/nornicdb/pkg/cypher/executor.go:497.2,499.29 3 1
github.com/orneryd/nornicdb/pkg/cypher/executor.go:499.29,501.15 1 1
github.com/orneryd/nornicdb/pkg/cypher/executor.go:501.15,502.12 1 1
github.com/orneryd/nornicdb/pkg/cypher/executor.go:506.3,506.38 1 1
github.com/orneryd/nornicdb/pkg/cypher/executor.go:506.38,507.9 1 1
github.com/orneryd/nornicdb/pkg/cypher/executor.go:510.3,511.36 2 1
github.com/orneryd/nornicdb/pkg/cypher/executor.go:511.36,513.4 1 1
github.com/orneryd/nornicdb/pkg/cypher/executor.go:516.3,516.15 1 1
github.com/orneryd/nornicdb/pkg/cypher/executor.go:516.15,518.17 2 1
github.com/orneryd/nornicdb/pkg/cypher/executor.go:518.17,519.13 1 1
github.com/orneryd/nornicdb/pkg/cypher/executor.go:521.4,521.20 1 1
github.com/orneryd/nornicdb/pkg/cypher/executor.go:524.3,525.13 2 1
github.com/orneryd/nornicdb/pkg/cypher/executor.go:528.2,528.20 1 1
github.com/orneryd/nornicdb/pkg/cypher/executor.go:532.153,543.29 8 1
github.com/orneryd/nornicdb/pkg/cypher/executor.go:543.29,546.10 2 1
github.com/orneryd/nornicdb/pkg/cypher/executor.go:547.47,549.106 1 1
github.com/orneryd/nornicdb/pkg/cypher/executor.go:549.106,551.5 1 1
github.com/orneryd/nornicdb/pkg/cypher/executor.go:551.10,554.28 2 1
github.com/orneryd/nornicdb/pkg/cypher/executor.go:554.28,556.33 2 1
github.com/orneryd/nornicdb/pkg/cypher/executor.go:556.33,557.61 1 1
github.com/orneryd/nornicdb/pkg/cypher/executor.go:557.61,559.8 1 1
github.com/orneryd/nornicdb/pkg/cypher/executor.go:561.6,561.20 1 1
github.com/orneryd/nornicdb/pkg/cypher/executor.go:562.11,564.6 1 0
github.com/orneryd/nornicdb/pkg/cypher/executor.go:567.45,569.27 2 1
github.com/orneryd/nornicdb/pkg/cypher/executor.go:569.27,571.32 2 1
github.com/orneryd/nornicdb/pkg/cypher/executor.go:571.32,572.62 1 1
github.com/orneryd/nornicdb/pkg/cypher/executor.go:572.62,573.40 1 1
github.com/orneryd/nornicdb/pkg/cypher/executor.go:573.40,575.8 1 1
github.com/orneryd/nornicdb/pkg/cypher/executor.go:578.5,578.17 1 1
github.com/orneryd/nornicdb/pkg/cypher/executor.go:579.10,581.5 1 1
github.com/orneryd/nornicdb/pkg/cypher/executor.go:583.45,585.27 2 1
github.com/orneryd/nornicdb/pkg/cypher/executor.go:585.27,588.32 3 1
github.com/orneryd/nornicdb/pkg/cypher/executor.go:588.32,589.62 1 1
github.com/orneryd/nornicdb/pkg/cypher/executor.go:589.62,590.40 1 1
github.com/orneryd/nornicdb/pkg/cypher/executor.go:590.40,593.8 2 1
github.com/orneryd/nornicdb/pkg/cypher/executor.go:596.5,596.18 1 1
github.com/orneryd/nornicdb/pkg/cypher/executor.go:596.18,598.6 1 1
github.com/orneryd/nornicdb/pkg/cypher/executor.go:598.11,600.6 1 1
github.com/orneryd/nornicdb/pkg/cypher/executor.go:601.10,603.5 1 1
github.com/orneryd/nornicdb/pkg/cypher/executor.go:605.45,607.27 2 1
github.com/orneryd/nornicdb/pkg/cypher/executor.go:607.27,609.32 2 1
github.com/orneryd/nornicdb/pkg/cypher/executor.go:609.32,610.62 1 1
github.com/orneryd/nornicdb/pkg/cypher/executor.go:610.62,611.40 1 1
github.com/orneryd/nornicdb/pkg/cypher/executor.go:611.40,612.36 1 1
github.com/orneryd/nornicdb/pkg/cypher/executor.go:612.36,615.9 2 1
github.com/orneryd/nornicdb/pkg/cypher/executor.go:619.5,619.19 1 1
github.com/orneryd/nornicdb/pkg/cypher/executor.go:619.19,621.6 1 1
github.com/orneryd/nornicdb/pkg/cypher/executor.go:621.11,623.6 1 0
github.com/orneryd/nornicdb/pkg/cypher/executor.go:624.10,626.5 1 1
github.com/orneryd/nornicdb/pkg/cypher/executor.go:628.45,630.27 2 1
github.com/orneryd/nornicdb/pkg/cypher/executor.go:630.27,632.32 2 1
github.com/orneryd/nornicdb/pkg/cypher/executor.go:632.32,633.62 1 1
github.com/orneryd/nornicdb/pkg/cypher/executor.go:633.62,634.40 1 1
github.com/orneryd/nornicdb/pkg/cypher/executor.go:634.40,635.36 1 1
github.com/orneryd/nornicdb/pkg/cypher/executor.go:635.36,638.9 2 1
github.com/orneryd/nornicdb/pkg/cypher/executor.go:642.5,642.19 1 1
github.com/orneryd/nornicdb/pkg/cypher/executor.go:642.19,644.6 1 1
github.com/orneryd/nornicdb/pkg/cypher/executor.go:644.11,646.6 1 0
github.com/orneryd/nornicdb/pkg/cypher/executor.go:647.10,649.5 1 1
github.com/orneryd/nornicdb/pkg/cypher/executor.go:651.49,654.27 3 1
github.com/orneryd/nornicdb/pkg/cypher/executor.go:654.27,655.32 1 1
github.com/orneryd/nornicdb/pkg/cypher/executor.go:655.32,656.51 1 1
github.com/orneryd/nornicdb/pkg/cypher/executor.go:656.51,658.63 1 1
github.com/orneryd/nornicdb/pkg/cypher/executor.go:658.63,660.8 1 1
github.com/orneryd/nornicdb/pkg/cypher/executor.go:661.12,668.7 1 1
github.com/orneryd/nornicdb/pkg/cypher/executor.go:671.4,671.22 1 1
github.com/orneryd/nornicdb/pkg/cypher/executor.go:673.11,675.22 1 1
github.com/orneryd/nornicdb/pkg/cypher/executor.go:675.22,677.5 1 1
github.com/orneryd/nornicdb/pkg/cypher/executor.go:677.10,679.5 1 1
github.com/orneryd/nornicdb/pkg/cypher/executor.go:683.2,684.20 2 1
github.com/orneryd/nornicdb/pkg/cypher/executor.go:688.105,696.48 5 1
github.com/orneryd/nornicdb/pkg/cypher/executor.go:696.48,698.3 1 1
github.com/orneryd/nornicdb/pkg/cypher/executor.go:698.8,700.3 1 1
github.com/orneryd/nornicdb/pkg/cypher/executor.go:703.2,706.37 3 1
github.com/orneryd/nornicdb/pkg/cypher/executor.go:706.37,707.40 1 1
github.com/orneryd/nornicdb/pkg/cypher/executor.go:707.40,715.18 6 1
github.com/orneryd/nornicdb/pkg/cypher/executor.go:715.18,716.13 1 1
github.com/orneryd/nornicdb/pkg/cypher/executor.go:716.13,718.6 1 1
github.com/orneryd/nornicdb/pkg/cypher/executor.go:718.11,720.6 1 1
github.com/orneryd/nornicdb/pkg/cypher/executor.go:721.10,724.13 3 1
github.com/orneryd/nornicdb/pkg/cypher/executor.go:724.13,726.6 1 1
github.com/orneryd/nornicdb/pkg/cypher/executor.go:726.11,728.6 1 1
github.com/orneryd/nornicdb/pkg/cypher/executor.go:731.4,731.18 1 1
github.com/orneryd/nornicdb/pkg/cypher/executor.go:731.18,733.5 1 1
github.com/orneryd/nornicdb/pkg/cypher/executor.go:737.2,737.15 1 1
github.com/orneryd/nornicdb/pkg/cypher/executor.go:741.101,753.19 5 1
github.com/orneryd/nornicdb/pkg/cypher/executor.go:753.19,755.3 1 1
github.com/orneryd/nornicdb/pkg/cypher/executor.go:756.2,759.107 2 1
github.com/orneryd/nornicdb/pkg/cypher/executor.go:759.107,761.3 1 1
github.com/orneryd/nornicdb/pkg/cypher/executor.go:765.2,768.46 3 1
github.com/orneryd/nornicdb/pkg/cypher/executor.go:768.46,770.27 2 1
github.com/orneryd/nornicdb/pkg/cypher/executor.go:770.27,771.12 1 0
github.com/orneryd/nornicdb/pkg/cypher/executor.go:774.3,783.52 3 1
github.com/orneryd/nornicdb/pkg/cypher/executor.go:783.52,785.4 1 0
github.com/orneryd/nornicdb/pkg/cypher/executor.go:787.3,789.33 2 1
github.com/orneryd/nornicdb/pkg/cypher/executor.go:789.33,791.4 1 1
github.com/orneryd/nornicdb/pkg/cypher/executor.go:795.2,795.19 1 1
github.com/orneryd/nornicdb/pkg/cypher/executor.go:795.19,802.36 5 1
github.com/orneryd/nornicdb/pkg/cypher/executor.go:802.36,803.24 1 1
github.com/orneryd/nornicdb/pkg/cypher/executor.go:803.24,805.5 1 0
github.com/orneryd/nornicdb/pkg/cypher/executor.go:805.10,807.5 1 1
github.com/orneryd/nornicdb/pkg/cypher/executor.go:810.4,810.45 1 1
github.com/orneryd/nornicdb/pkg/cypher/executor.go:810.45,811.72 1 1
github.com/orneryd/nornicdb/pkg/cypher/executor.go:811.72,813.11 2 1
github.com/orneryd/nornicdb/pkg/cypher/executor.go:817.3,817.37 1 1
github.com/orneryd/nornicdb/pkg/cypher/executor.go:820.2,820.20 1 1
github.com/orneryd/nornicdb/pkg/cypher/executor.go:824.70,829.28 4 1
github.com/orneryd/nornicdb/pkg/cypher/executor.go:829.28,830.12 1 1
github.com/orneryd/nornicdb/pkg/cypher/executor.go:831.12,833.24 2 1
github.com/orneryd/nornicdb/pkg/cypher/executor.go:834.12,837.18 3 1
github.com/orneryd/nornicdb/pkg/cypher/executor.go:837.18,840.5 2 1
github.com/orneryd/nornicdb/pkg/cypher/executor.go:841.12,842.18 1 1
github.com/orneryd/nornicdb/pkg/cypher/executor.go:842.18,844.13 1 1
github.com/orneryd/nornicdb/pkg/cypher/executor.go:846.4,846.24 1 1
github.com/orneryd/nornicdb/pkg/cypher/executor.go:847.11,848.17 1 1
github.com/orneryd/nornicdb/pkg/cypher/executor.go:848.17,850.5 1 1
github.com/orneryd/nornicdb/pkg/cypher/executor.go:855.2,855.23 1 1
github.com/orneryd/nornicdb/pkg/cypher/executor.go:855.23,857.3 1 0
github.com/orneryd/nornicdb/pkg/cypher/executor.go:859.2,859.17 1 1
github.com/orneryd/nornicdb/pkg/cypher/executor.go:863.137,875.22 4 1
github.com/orneryd/nornicdb/pkg/cypher/executor.go:875.22,879.3 2 1
github.com/orneryd/nornicdb/pkg/cypher/executor.go:881.2,881.22 1 1
github.com/orneryd/nornicdb/pkg/cypher/executor.go:881.22,883.3 1 1
github.com/orneryd/nornicdb/pkg/cypher/executor.go:886.2,892.57 3 1
github.com/orneryd/nornicdb/pkg/cypher/executor.go:892.57,894.3 1 0
github.com/orneryd/nornicdb/pkg/cypher/executor.go:895.2,904.57 4 1
github.com/orneryd/nornicdb/pkg/cypher/executor.go:904.57,906.3 1 0
github.com/orneryd/nornicdb/pkg/cypher/executor.go:907.2,912.60 4 1
github.com/orneryd/nornicdb/pkg/cypher/executor.go:912.60,915.61 2 1
github.com/orneryd/nornicdb/pkg/cypher/executor.go:915.61,917.4 1 1
github.com/orneryd/nornicdb/pkg/cypher/executor.go:921.2,928.51 2 1
github.com/orneryd/nornicdb/pkg/cypher/executor.go:928.51,930.3 1 0
github.com/orneryd/nornicdb/pkg/cypher/executor.go:931.2,934.19 2 1
github.com/orneryd/nornicdb/pkg/cypher/executor.go:934.19,941.36 5 1
github.com/orneryd/nornicdb/pkg/cypher/executor.go:941.36,942.24 1 1
github.com/orneryd/nornicdb/pkg/cypher/executor.go:942.24,944.5 1 0
github.com/orneryd/nornicdb/pkg/cypher/executor.go:944.10,946.5 1 1
github.com/orneryd/nornicdb/pkg/cypher/executor.go:948.4,948.11 1 1
github.com/orneryd/nornicdb/pkg/cypher/executor.go:949.62,950.75 1 1
github.com/orneryd/nornicdb/pkg/cypher/executor.go:951.62,952.75 1 1
github.com/orneryd/nornicdb/pkg/cypher/executor.go:953.12,954.75 1 1
github.com/orneryd/nornicdb/pkg/cypher/executor.go:957.3,957.37 1 1
github.com/orneryd/nornicdb/pkg/cypher/executor.go:960.2,960.20 1 1
github.com/orneryd/nornicdb/pkg/cypher/executor.go:968.100,979.20 4 1
github.com/orneryd/nornicdb/pkg/cypher/executor.go:979.20,981.3 1 0
github.com/orneryd/nornicdb/pkg/cypher/executor.go:984.2,987.83 4 1
github.com/orneryd/nornicdb/pkg/cypher/executor.go:987.83,989.3 1 1
github.com/orneryd/nornicdb/pkg/cypher/executor.go:990.2,994.72 3 1
github.com/orneryd/nornicdb/pkg/cypher/executor.go:994.72,995.34 1 1
github.com/orneryd/nornicdb/pkg/cypher/executor.go:995.34,997.4 1 1
github.com/orneryd/nornicdb/pkg/cypher/executor.go:1001.2,1008.41 3 1
github.com/orneryd/nornicdb/pkg/cypher/executor.go:1008.41,1014.3 4 0
github.com/orneryd/nornicdb/pkg/cypher/executor.go:1016.2,1016.62 1 1
github.com/orneryd/nornicdb/pkg/cypher/executor.go:1016.62,1026.20 4 0
github.com/orneryd/nornicdb/pkg/cypher/executor.go:1026.20,1028.4 1 0
github.com/orneryd/nornicdb/pkg/cypher/executor.go:1029.3,1031.21 3 0
github.com/orneryd/nornicdb/pkg/cypher/executor.go:1035.2,1036.44 2 1
github.com/orneryd/nornicdb/pkg/cypher/executor.go:1036.44,1039.27 2 1
github.com/orneryd/nornicdb/pkg/cypher/executor.go:1039.27,1041.37 2 1
github.com/orneryd/nornicdb/pkg/cypher/executor.go:1041.37,1042.64 1 1
github.com/orneryd/nornicdb/pkg/cypher/executor.go:1042.64,1044.11 2 0
github.com/orneryd/nornicdb/pkg/cypher/executor.go:1047.4,1047.15 1 1
github.com/orneryd/nornicdb/pkg/cypher/executor.go:1047.15,1049.10 2 1
github.com/orneryd/nornicdb/pkg/cypher/executor.go:1054.2,1055.25 2 1
github.com/orneryd/nornicdb/pkg/cypher/executor.go:1055.25,1058.21 2 1
github.com/orneryd/nornicdb/pkg/cypher/executor.go:1058.21,1060.54 2 1
github.com/orneryd/nornicdb/pkg/cypher/executor.go:1060.54,1061.41 1 1
github.com/orneryd/nornicdb/pkg/cypher/executor.go:1061.41,1063.6 1 1
github.com/orneryd/nornicdb/pkg/cypher/executor.go:1065.4,1067.30 3 1
github.com/orneryd/nornicdb/pkg/cypher/executor.go:1069.8,1080.22 4 1
github.com/orneryd/nornicdb/pkg/cypher/executor.go:1080.22,1082.53 2 1
github.com/orneryd/nornicdb/pkg/cypher/executor.go:1082.53,1083.42 1 1
github.com/orneryd/nornicdb/pkg/cypher/executor.go:1083.42,1085.6 1 1
github.com/orneryd/nornicdb/pkg/cypher/executor.go:1087.4,1089.30 3 1
github.com/orneryd/nornicdb/pkg/cypher/executor.go:1094.2,1094.19 1 1
github.com/orneryd/nornicdb/pkg/cypher/executor.go:1094.19,1098.22 4 1
github.com/orneryd/nornicdb/pkg/cypher/executor.go:1098.22,1100.4 1 1
github.com/orneryd/nornicdb/pkg/cypher/executor.go:1103.2,1103.20 1 1
github.com/orneryd/nornicdb/pkg/cypher/executor.go:1108.128,1110.44 1 1
github.com/orneryd/nornicdb/pkg/cypher/executor.go:1110.44,1112.3 1 1
github.com/orneryd/nornicdb/pkg/cypher/executor.go:1114.2,1120.29 4 1
github.com/orneryd/nornicdb/pkg/cypher/executor.go:1120.29,1122.17 2 1
github.com/orneryd/nornicdb/pkg/cypher/executor.go:1122.17,1123.12 1 0
github.com/orneryd/nornicdb/pkg/cypher/executor.go:1127.3,1129.16 3 1
github.com/orneryd/nornicdb/pkg/cypher/executor.go:1129.16,1132.4 2 1
github.com/orneryd/nornicdb/pkg/cypher/executor.go:1132.9,1136.4 2 1
github.com/orneryd/nornicdb/pkg/cypher/executor.go:1139.3,1141.33 3 1
github.com/orneryd/nornicdb/pkg/cypher/executor.go:1144.2,1144.24 1 1
github.com/orneryd/nornicdb/pkg/cypher/executor.go:1148.74,1153.28 4 1
github.com/orneryd/nornicdb/pkg/cypher/executor.go:1153.28,1154.13 1 1
github.com/orneryd/nornicdb/pkg/cypher/executor.go:1155.12,1157.25 2 1
github.com/orneryd/nornicdb/pkg/cypher/executor.go:1158.12,1160.25 2 1
github.com/orneryd/nornicdb/pkg/cypher/executor.go:1161.12,1162.18 1 1
github.com/orneryd/nornicdb/pkg/cypher/executor.go:1162.18,1165.5 2 1
github.com/orneryd/nornicdb/pkg/cypher/executor.go:1165.10,1167.5 1 0
github.com/orneryd/nornicdb/pkg/cypher/executor.go:1168.11,1169.25 1 1
github.com/orneryd/nornicdb/pkg/cypher/executor.go:1173.2,1173.23 1 1
github.com/orneryd/nornicdb/pkg/cypher/executor.go:1173.23,1175.3 1 1
github.com/orneryd/nornicdb/pkg/cypher/executor.go:1177.2,1177.15 1 1
github.com/orneryd/nornicdb/pkg/cypher/executor.go:1181.65,1185.33 2 1
github.com/orneryd/nornicdb/pkg/cypher/executor.go:1185.33,1187.3 1 1
github.com/orneryd/nornicdb/pkg/cypher/executor.go:1190.2,1190.56 1 1
github.com/orneryd/nornicdb/pkg/cypher/executor.go:1190.56,1192.3 1 1
github.com/orneryd/nornicdb/pkg/cypher/executor.go:1194.2,1194.13 1 1
github.com/orneryd/nornicdb/pkg/cypher/executor.go:1198.107,1203.33 3 1
github.com/orneryd/nornicdb/pkg/cypher/executor.go:1203.33,1205.3 1 1
github.com/orneryd/nornicdb/pkg/cypher/executor.go:1208.2,1208.42 1 1
github.com/orneryd/nornicdb/pkg/cypher/executor.go:1208.42,1211.37 2 1
github.com/orneryd/nornicdb/pkg/cypher/executor.go:1211.37,1213.4 1 1
github.com/orneryd/nornicdb/pkg/cypher/executor.go:1214.3,1214.47 1 1
github.com/orneryd/nornicdb/pkg/cypher/executor.go:1214.47,1216.4 1 1
github.com/orneryd/nornicdb/pkg/cypher/executor.go:1217.3,1217.13 1 1
github.com/orneryd/nornicdb/pkg/cypher/executor.go:1221.2,1221.21 1 1
github.com/orneryd/nornicdb/pkg/cypher/executor.go:1221.21,1223.3 1 1
github.com/orneryd/nornicdb/pkg/cypher/executor.go:1226.2,1226.66 1 1
github.com/orneryd/nornicdb/pkg/cypher/executor.go:1226.66,1228.3 1 1
github.com/orneryd/nornicdb/pkg/cypher/executor.go:1231.2,1231.60 1 1
github.com/orneryd/nornicdb/pkg/cypher/executor.go:1231.60,1233.3 1 1
github.com/orneryd/nornicdb/pkg/cypher/executor.go:1234.2,1234.58 1 1
github.com/orneryd/nornicdb/pkg/cypher/executor.go:1234.58,1236.3 1 1
github.com/orneryd/nornicdb/pkg/cypher/executor.go:1239.2,1239.13 1 0
github.com/orneryd/nornicdb/pkg/cypher/executor.go:1243.111,1245.74 2 1
github.com/orneryd/nornicdb/pkg/cypher/executor.go:1245.74,1247.3 1 0
github.com/orneryd/nornicdb/pkg/cypher/executor.go:1248.2,1258.20 7 1
github.com/orneryd/nornicdb/pkg/cypher/executor.go:1258.20,1261.28 3 1
github.com/orneryd/nornicdb/pkg/cypher/executor.go:1261.28,1264.4 2 1
github.com/orneryd/nornicdb/pkg/cypher/executor.go:1268.2,1269.20 2 1
github.com/orneryd/nornicdb/pkg/cypher/executor.go:1269.20,1271.3 1 1
github.com/orneryd/nornicdb/pkg/cypher/executor.go:1272.2,1272.34 1 1
github.com/orneryd/nornicdb/pkg/cypher/executor.go:1272.34,1274.18 2 1
github.com/orneryd/nornicdb/pkg/cypher/executor.go:1274.18,1276.4 1 1
github.com/orneryd/nornicdb/pkg/cypher/executor.go:1279.2,1279.36 1 1
github.com/orneryd/nornicdb/pkg/cypher/executor.go:1283.96,1286.29 2 1
github.com/orneryd/nornicdb/pkg/cypher/executor.go:1286.29,1288.43 2 1
github.com/orneryd/nornicdb/pkg/cypher/executor.go:1288.43,1290.17 2 1
github.com/orneryd/nornicdb/pkg/cypher/executor.go:1290.17,1295.79 3 1
github.com/orneryd/nornicdb/pkg/cypher/executor.go:1295.79,1297.6 1 1
github.com/orneryd/nornicdb/pkg/cypher/executor.go:1297.11,1297.88 1 1
github.com/orneryd/nornicdb/pkg/cypher/executor.go:1297.88,1299.6 1 0
github.com/orneryd/nornicdb/pkg/cypher/executor.go:1299.11,1299.35 1 1
github.com/orneryd/nornicdb/pkg/cypher/executor.go:1299.35,1301.6 1 0
github.com/orneryd/nornicdb/pkg/cypher/executor.go:1301.11,1301.36 1 1
github.com/orneryd/nornicdb/pkg/cypher/executor.go:1301.36,1303.6 1 0
github.com/orneryd/nornicdb/pkg/cypher/executor.go:1303.11,1303.76 1 1
github.com/orneryd/nornicdb/pkg/cypher/executor.go:1303.76,1305.6 1 0
github.com/orneryd/nornicdb/pkg/cypher/executor.go:1305.11,1305.75 1 1
github.com/orneryd/nornicdb/pkg/cypher/executor.go:1305.75,1307.6 1 1
github.com/orneryd/nornicdb/pkg/cypher/executor.go:1307.11,1307.73 1 0
github.com/orneryd/nornicdb/pkg/cypher/executor.go:1307.73,1309.6 1 0
github.com/orneryd/nornicdb/pkg/cypher/executor.go:1309.11,1312.6 1 0
github.com/orneryd/nornicdb/pkg/cypher/executor.go:1320.80,1323.36 2 1
github.com/orneryd/nornicdb/pkg/cypher/executor.go:1323.36,1324.30 1 1
github.com/orneryd/nornicdb/pkg/cypher/executor.go:1324.30,1325.12 1 1
github.com/orneryd/nornicdb/pkg/cypher/executor.go:1327.3,1327.23 1 1
github.com/orneryd/nornicdb/pkg/cypher/executor.go:1330.2,1334.3 1 1
github.com/orneryd/nornicdb/pkg/cypher/executor.go:1339.68,1351.2 2 1
github.com/orneryd/nornicdb/pkg/cypher/executor.go:1354.65,1356.37 2 1
github.com/orneryd/nornicdb/pkg/cypher/executor.go:1356.37,1358.3 1 1
github.com/orneryd/nornicdb/pkg/cypher/executor.go:1360.2,1360.28 1 1
github.com/orneryd/nornicdb/pkg/cypher/executor.go:1360.28,1361.51 1 1
github.com/orneryd/nornicdb/pkg/cypher/executor.go:1361.51,1363.18 2 1
github.com/orneryd/nornicdb/pkg/cypher/executor.go:1363.18,1365.5 1 1
github.com/orneryd/nornicdb/pkg/cypher/executor.go:1366.4,1366.9 1 1
github.com/orneryd/nornicdb/pkg/cypher/executor.go:1369.2,1369.12 1 1
github.com/orneryd/nornicdb/pkg/cypher/executor.go:1373.66,1375.37 2 1
github.com/orneryd/nornicdb/pkg/cypher/executor.go:1375.37,1377.3 1 1
github.com/orneryd/nornicdb/pkg/cypher/executor.go:1378.2,1378.37 1 1
github.com/orneryd/nornicdb/pkg/cypher/executor.go:1378.37,1380.3 1 1
github.com/orneryd/nornicdb/pkg/cypher/executor.go:1383.2,1383.63 1 1
github.com/orneryd/nornicdb/pkg/cypher/executor.go:1383.63,1385.3 1 1
github.com/orneryd/nornicdb/pkg/cypher/executor.go:1388.2,1390.34 3 1
github.com/orneryd/nornicdb/pkg/cypher/executor.go:1390.34,1393.62 2 1
github.com/orneryd/nornicdb/pkg/cypher/executor.go:1393.62,1395.4 1 0
github.com/orneryd/nornicdb/pkg/cypher/executor.go:1396.3,1396.18 1 1
github.com/orneryd/nornicdb/pkg/cypher/executor.go:1396.18,1398.4 1 1
github.com/orneryd/nornicdb/pkg/cypher/executor.go:1400.2,1400.15 1 1
github.com/orneryd/nornicdb/pkg/cypher/executor.go:1404.101,1420.12 6 1
github.com/orneryd/nornicdb/pkg/cypher/executor.go:1420.12,1422.22 2 1
github.com/orneryd/nornicdb/pkg/cypher/executor.go:1422.22,1424.4 1 0
github.com/orneryd/nornicdb/pkg/cypher/executor.go:1425.8,1427.22 2 1
github.com/orneryd/nornicdb/pkg/cypher/executor.go:1427.22,1429.4 1 1
github.com/orneryd/nornicdb/pkg/cypher/executor.go:1432.2,1432.39 1 1
github.com/orneryd/nornicdb/pkg/cypher/executor.go:1432.39,1434.3 1 1
github.com/orneryd/nornicdb/pkg/cypher/executor.go:1437.2,1439.16 3 1
github.com/orneryd/nornicdb/pkg/cypher/executor.go:1439.16,1441.3 1 0
github.com/orneryd/nornicdb/pkg/cypher/executor.go:1444.2,1444.39 1 1
github.com/orneryd/nornicdb/pkg/cypher/executor.go:1444.39,1445.27 1 1
github.com/orneryd/nornicdb/pkg/cypher/executor.go:1445.27,1446.52 1 1
github.com/orneryd/nornicdb/pkg/cypher/executor.go:1446.52,1447.42 1 1
github.com/orneryd/nornicdb/pkg/cypher/executor.go:1447.42,1448.16 1 1
github.com/orneryd/nornicdb/pkg/cypher/executor.go:1448.16,1451.34 2 1
github.com/orneryd/nornicdb/pkg/cypher/executor.go:1451.34,1454.8 2 1
github.com/orneryd/nornicdb/pkg/cypher/executor.go:1455.7,1456.34 2 1
github.com/orneryd/nornicdb/pkg/cypher/executor.go:1456.34,1459.8 2 1
github.com/orneryd/nornicdb/pkg/cypher/executor.go:1461.6,1461.69 1 1
github.com/orneryd/nornicdb/pkg/cypher/executor.go:1461.69,1463.7 1 1
github.com/orneryd/nornicdb/pkg/cypher/executor.go:1469.2,1469.20 1 1
github.com/orneryd/nornicdb/pkg/cypher/executor.go:1473.98,1485.36 6 1
github.com/orneryd/nornicdb/pkg/cypher/executor.go:1485.36,1487.3 1 0
github.com/orneryd/nornicdb/pkg/cypher/executor.go:1490.2,1491.19 2 1
github.com/orneryd/nornicdb/pkg/cypher/executor.go:1491.19,1493.3 1 1
github.com/orneryd/nornicdb/pkg/cypher/executor.go:1493.8,1495.3 1 1
github.com/orneryd/nornicdb/pkg/cypher/executor.go:1496.2,1497.16 2 1
github.com/orneryd/nornicdb/pkg/cypher/executor.go:1497.16,1499.3 1 0
github.com/orneryd/nornicdb/pkg/cypher/executor.go:1502.2,1503.19 2 1
github.com/orneryd/nornicdb/pkg/cypher/executor.go:1503.19,1505.3 1 1
github.com/orneryd/nornicdb/pkg/cypher/executor.go:1505.8,1507.3 1 1
github.com/orneryd/nornicdb/pkg/cypher/executor.go:1510.2,1511.17 2 1
github.com/orneryd/nornicdb/pkg/cypher/executor.go:1511.17,1513.3 1 1
github.com/orneryd/nornicdb/pkg/cypher/executor.go:1515.2,1520.21 4 1
github.com/orneryd/nornicdb/pkg/cypher/executor.go:1520.21,1522.3 1 1
github.com/orneryd/nornicdb/pkg/cypher/executor.go:1523.2,1528.39 4 1
github.com/orneryd/nornicdb/pkg/cypher/executor.go:1528.39,1529.27 1 1
github.com/orneryd/nornicdb/pkg/cypher/executor.go:1529.27,1530.52 1 1
github.com/orneryd/nornicdb/pkg/cypher/executor.go:1530.52,1531.42 1 1
github.com/orneryd/nornicdb/pkg/cypher/executor.go:1531.42,1533.20 2 1
github.com/orneryd/nornicdb/pkg/cypher/executor.go:1533.20,1534.15 1 0
github.com/orneryd/nornicdb/pkg/cypher/executor.go:1536.6,1536.39 1 1
github.com/orneryd/nornicdb/pkg/cypher/executor.go:1536.39,1538.7 1 0
github.com/orneryd/nornicdb/pkg/cypher/executor.go:1539.6,1540.62 2 1
github.com/orneryd/nornicdb/pkg/cypher/executor.go:1540.62,1542.7 1 1
github.com/orneryd/nornicdb/pkg/cypher/executor.go:1549.2,1549.19 1 1
github.com/orneryd/nornicdb/pkg/cypher/executor.go:1549.19,1553.36 4 1
github.com/orneryd/nornicdb/pkg/cypher/executor.go:1553.36,1554.24 1 1
github.com/orneryd/nornicdb/pkg/cypher/executor.go:1554.24,1556.5 1 0
github.com/orneryd/nornicdb/pkg/cypher/executor.go:1556.10,1558.5 1 1
github.com/orneryd/nornicdb/pkg/cypher/executor.go:1562.3,1562.40 1 1
github.com/orneryd/nornicdb/pkg/cypher/executor.go:1562.40,1563.28 1 1
github.com/orneryd/nornicdb/pkg/cypher/executor.go:1563.28,1564.53 1 1
github.com/orneryd/nornicdb/pkg/cypher/executor.go:1564.53,1565.43 1 1
github.com/orneryd/nornicdb/pkg/cypher/executor.go:1565.43,1567.29 2 1
github.com/orneryd/nornicdb/pkg/cypher/executor.go:1567.29,1569.41 2 1
github.com/orneryd/nornicdb/pkg/cypher/executor.go:1569.41,1571.9 1 1
github.com/orneryd/nornicdb/pkg/cypher/executor.go:1572.8,1572.49 1 1
github.com/orneryd/nornicdb/pkg/cypher/executor.go:1580.2,1580.20 1 1
github.com/orneryd/nornicdb/pkg/cypher/executor.go:1584.99,1587.9 2 1
github.com/orneryd/nornicdb/pkg/cypher/executor.go:1588.51,1589.33 1 1
github.com/orneryd/nornicdb/pkg/cypher/executor.go:1590.49,1591.31 1 1
github.com/orneryd/nornicdb/pkg/cypher/executor.go:1592.54,1593.35 1 1
github.com/orneryd/nornicdb/pkg/cypher/executor.go:1594.58,1595.39 1 1
github.com/orneryd/nornicdb/pkg/cypher/executor.go:1596.59,1597.40 1 1
github.com/orneryd/nornicdb/pkg/cypher/executor.go:1598.58,1599.39 1 1
github.com/orneryd/nornicdb/pkg/cypher/executor.go:1600.44,1601.26 1 1
github.com/orneryd/nornicdb/pkg/cypher/executor.go:1602.55,1603.37 1 1
github.com/orneryd/nornicdb/pkg/cypher/executor.go:1604.45,1605.27 1 1
github.com/orneryd/nornicdb/pkg/cypher/executor.go:1606.49,1607.31 1 1
github.com/orneryd/nornicdb/pkg/cypher/executor.go:1608.50,1609.32 1 1
github.com/orneryd/nornicdb/pkg/cypher/executor.go:1610.50,1611.32 1 1
github.com/orneryd/nornicdb/pkg/cypher/executor.go:1612.50,1613.32 1 1
github.com/orneryd/nornicdb/pkg/cypher/executor.go:1614.49,1615.31 1 1
github.com/orneryd/nornicdb/pkg/cypher/executor.go:1616.10,1617.58 1 1
github.com/orneryd/nornicdb/pkg/cypher/executor.go:1621.66,1623.16 2 1
github.com/orneryd/nornicdb/pkg/cypher/executor.go:1623.16,1625.3 1 0
github.com/orneryd/nornicdb/pkg/cypher/executor.go:1627.2,1628.29 2 1
github.com/orneryd/nornicdb/pkg/cypher/executor.go:1628.29,1629.37 1 1
github.com/orneryd/nornicdb/pkg/cypher/executor.go:1629.37,1631.4 1 1
github.com/orneryd/nornicdb/pkg/cypher/executor.go:1634.2,1638.30 2 1
github.com/orneryd/nornicdb/pkg/cypher/executor.go:1638.30,1640.3 1 1
github.com/orneryd/nornicdb/pkg/cypher/executor.go:1641.2,1641.20 1 1
github.com/orneryd/nornicdb/pkg/cypher/executor.go:1644.77,1646.16 2 1
github.com/orneryd/nornicdb/pkg/cypher/executor.go:1646.16,1648.3 1 0
github.com/orneryd/nornicdb/pkg/cypher/executor.go:1650.2,1651.29 2 1
github.com/orneryd/nornicdb/pkg/cypher/executor.go:1651.29,1653.3 1 1
github.com/orneryd/nornicdb/pkg/cypher/executor.go:1655.2,1659.31 2 1
github.com/orneryd/nornicdb/pkg/cypher/executor.go:1659.31,1661.3 1 1
github.com/orneryd/nornicdb/pkg/cypher/executor.go:1662.2,1662.20 1 1
github.com/orneryd/nornicdb/pkg/cypher/executor.go:1665.67,1671.2 1 1
github.com/orneryd/nornicdb/pkg/cypher/executor.go:1673.71,1679.2 1 1
github.com/orneryd/nornicdb/pkg/cypher/executor.go:1681.72,1688.2 1 1
github.com/orneryd/nornicdb/pkg/cypher/executor.go:1692.73,1699.2 1 1
github.com/orneryd/nornicdb/pkg/cypher/executor.go:1701.71,1711.2 3 1
github.com/orneryd/nornicdb/pkg/cypher/executor.go:1713.45,1715.16 2 1
github.com/orneryd/nornicdb/pkg/cypher/executor.go:1715.16,1717.3 1 0
github.com/orneryd/nornicdb/pkg/cypher/executor.go:1718.2,1719.29 2 1
github.com/orneryd/nornicdb/pkg/cypher/executor.go:1719.29,1720.37 1 1
github.com/orneryd/nornicdb/pkg/cypher/executor.go:1720.37,1722.4 1 1
github.com/orneryd/nornicdb/pkg/cypher/executor.go:1724.2,1724.22 1 1
github.com/orneryd/nornicdb/pkg/cypher/executor.go:1727.47,1729.16 2 1
github.com/orneryd/nornicdb/pkg/cypher/executor.go:1729.16,1731.3 1 0
github.com/orneryd/nornicdb/pkg/cypher/executor.go:1732.2,1733.29 2 1
github.com/orneryd/nornicdb/pkg/cypher/executor.go:1733.29,1735.3 1 1
github.com/orneryd/nornicdb/pkg/cypher/executor.go:1736.2,1736.21 1 1
github.com/orneryd/nornicdb/pkg/cypher/executor.go:1739.75,1746.2 1 1
github.com/orneryd/nornicdb/pkg/cypher/executor.go:1750.79,1757.29 4 1
github.com/orneryd/nornicdb/pkg/cypher/executor.go:1757.29,1758.37 1 1
github.com/orneryd/nornicdb/pkg/cypher/executor.go:1758.37,1760.4 1 1
github.com/orneryd/nornicdb/pkg/cypher/executor.go:1763.2,1764.29 2 1
github.com/orneryd/nornicdb/pkg/cypher/executor.go:1764.29,1766.3 1 1
github.com/orneryd/nornicdb/pkg/cypher/executor.go:1769.2,1770.30 2 1
github.com/orneryd/nornicdb/pkg/cypher/executor.go:1770.30,1774.3 1 1
github.com/orneryd/nornicdb/pkg/cypher/executor.go:1777.2,1778.34 2 1
github.com/orneryd/nornicdb/pkg/cypher/executor.go:1778.34,1782.3 1 1
github.com/orneryd/nornicdb/pkg/cypher/executor.go:1784.2,1789.8 1 1
github.com/orneryd/nornicdb/pkg/cypher/executor.go:1792.80,1797.29 3 1
github.com/orneryd/nornicdb/pkg/cypher/executor.go:1797.29,1798.37 1 1
github.com/orneryd/nornicdb/pkg/cypher/executor.go:1798.37,1799.39 1 1
github.com/orneryd/nornicdb/pkg/cypher/executor.go:1799.39,1801.5 1 1
github.com/orneryd/nornicdb/pkg/cypher/executor.go:1802.4,1802.38 1 1
github.com/orneryd/nornicdb/pkg/cypher/executor.go:1802.38,1804.5 1 1
github.com/orneryd/nornicdb/pkg/cypher/executor.go:1808.2,1813.39 2 1
github.com/orneryd/nornicdb/pkg/cypher/executor.go:1813.39,1814.27 1 1
github.com/orneryd/nornicdb/pkg/cypher/executor.go:1814.27,1816.4 1 1
github.com/orneryd/nornicdb/pkg/cypher/executor.go:1819.2,1819.20 1 1
github.com/orneryd/nornicdb/pkg/cypher/executor.go:1822.79,1827.29 3 1
github.com/orneryd/nornicdb/pkg/cypher/executor.go:1827.29,1828.41 1 1
github.com/orneryd/nornicdb/pkg/cypher/executor.go:1828.41,1830.4 1 1
github.com/orneryd/nornicdb/pkg/cypher/executor.go:1831.3,1831.37 1 1
github.com/orneryd/nornicdb/pkg/cypher/executor.go:1831.37,1833.4 1 1
github.com/orneryd/nornicdb/pkg/cypher/executor.go:1836.2,1841.40 2 1
github.com/orneryd/nornicdb/pkg/cypher/executor.go:1841.40,1842.27 1 1
github.com/orneryd/nornicdb/pkg/cypher/executor.go:1842.27,1844.4 1 1
github.com/orneryd/nornicdb/pkg/cypher/executor.go:1847.2,1847.20 1 1
github.com/orneryd/nornicdb/pkg/cypher/executor.go:1850.72,1855.29 4 1
github.com/orneryd/nornicdb/pkg/cypher/executor.go:1855.29,1856.37 1 1
github.com/orneryd/nornicdb/pkg/cypher/executor.go:1856.37,1858.4 1 1
github.com/orneryd/nornicdb/pkg/cypher/executor.go:1860.2,1860.29 1 1
github.com/orneryd/nornicdb/pkg/cypher/executor.go:1860.29,1861.37 1 1
github.com/orneryd/nornicdb/pkg/cypher/executor.go:1861.37,1863.4 1 1
github.com/orneryd/nornicdb/pkg/cypher/executor.go:1866.2,1870.28 2 1
github.com/orneryd/nornicdb/pkg/cypher/executor.go:1870.28,1872.3 1 1
github.com/orneryd/nornicdb/pkg/cypher/executor.go:1874.2,1874.20 1 1
github.com/orneryd/nornicdb/pkg/cypher/executor.go:1877.72,1899.2 2 1
github.com/orneryd/nornicdb/pkg/cypher/executor.go:1901.71,1931.2 2 1
github.com/orneryd/nornicdb/pkg/cypher/executor.go:1946.76,1954.72 3 1
github.com/orneryd/nornicdb/pkg/cypher/executor.go:1954.72,1956.3 1 1
github.com/orneryd/nornicdb/pkg/cypher/executor.go:1959.2,1960.19 2 1
github.com/orneryd/nornicdb/pkg/cypher/executor.go:1960.19,1964.3 3 1
github.com/orneryd/nornicdb/pkg/cypher/executor.go:1967.2,1968.38 2 1
github.com/orneryd/nornicdb/pkg/cypher/executor.go:1968.38,1970.3 1 1
github.com/orneryd/nornicdb/pkg/cypher/executor.go:1971.2,1971.34 1 1
github.com/orneryd/nornicdb/pkg/cypher/executor.go:1971.34,1972.56 1 1
github.com/orneryd/nornicdb/pkg/cypher/executor.go:1972.56,1974.4 1 1
github.com/orneryd/nornicdb/pkg/cypher/executor.go:1977.2,1977.13 1 1
github.com/orneryd/nornicdb/pkg/cypher/executor.go:1980.83,1985.38 3 1
github.com/orneryd/nornicdb/pkg/cypher/executor.go:1985.38,1987.3 1 1
github.com/orneryd/nornicdb/pkg/cypher/executor.go:1988.2,1988.38 1 1
github.com/orneryd/nornicdb/pkg/cypher/executor.go:1988.38,1990.3 1 1
github.com/orneryd/nornicdb/pkg/cypher/executor.go:1993.2,1994.29 2 1
github.com/orneryd/nornicdb/pkg/cypher/executor.go:1994.29,1996.19 2 1
github.com/orneryd/nornicdb/pkg/cypher/executor.go:1996.19,2002.72 3 1
github.com/orneryd/nornicdb/pkg/cypher/executor.go:2002.72,2005.5 2 1
github.com/orneryd/nornicdb/pkg/cypher/executor.go:2005.10,2005.68 1 1
github.com/orneryd/nornicdb/pkg/cypher/executor.go:2005.68,2007.5 1 1
github.com/orneryd/nornicdb/pkg/cypher/executor.go:2007.10,2007.66 1 1
github.com/orneryd/nornicdb/pkg/cypher/executor.go:2007.66,2009.5 1 1
github.com/orneryd/nornicdb/pkg/cypher/executor.go:2009.10,2009.30 1 1
github.com/orneryd/nornicdb/pkg/cypher/executor.go:2009.30,2011.5 1 1
github.com/orneryd/nornicdb/pkg/cypher/executor.go:2011.10,2011.31 1 1
github.com/orneryd/nornicdb/pkg/cypher/executor.go:2011.31,2013.5 1 1
github.com/orneryd/nornicdb/pkg/cypher/executor.go:2013.10,2015.5 1 1
github.com/orneryd/nornicdb/pkg/cypher/executor.go:2019.2,2019.14 1 1
github.com/orneryd/nornicdb/pkg/cypher/executor.go:2022.76,2028.18 4 1
github.com/orneryd/nornicdb/pkg/cypher/executor.go:2028.18,2030.3 1 0
github.com/orneryd/nornicdb/pkg/cypher/executor.go:2033.2,2034.18 2 1
github.com/orneryd/nornicdb/pkg/cypher/executor.go:2034.18,2036.3 1 0
github.com/orneryd/nornicdb/pkg/cypher/executor.go:2039.2,2040.29 2 1
github.com/orneryd/nornicdb/pkg/cypher/executor.go:2040.29,2042.32 2 1
github.com/orneryd/nornicdb/pkg/cypher/executor.go:2042.32,2043.12 1 1
github.com/orneryd/nornicdb/pkg/cypher/executor.go:2046.3,2051.16 4 1
github.com/orneryd/nornicdb/pkg/cypher/executor.go:2051.16,2054.4 2 1
github.com/orneryd/nornicdb/pkg/cypher/executor.go:2056.3,2056.30 1 1
github.com/orneryd/nornicdb/pkg/cypher/executor.go:2060.2,2060.21 1 1
github.com/orneryd/nornicdb/pkg/cypher/executor.go:2060.21,2062.3 1 1
github.com/orneryd/nornicdb/pkg/cypher/executor.go:2064.2,2064.14 1 1
github.com/orneryd/nornicdb/pkg/cypher/executor.go:2067.108,2070.29 2 1
github.com/orneryd/nornicdb/pkg/cypher/executor.go:2070.29,2071.51 1 1
github.com/orneryd/nornicdb/pkg/cypher/executor.go:2071.51,2073.4 1 1
github.com/orneryd/nornicdb/pkg/cypher/executor.go:2076.2,2076.17 1 1
github.com/orneryd/nornicdb/pkg/cypher/executor.go:2079.96,2084.44 2 1
github.com/orneryd/nornicdb/pkg/cypher/executor.go:2084.44,2089.3 4 1
github.com/orneryd/nornicdb/pkg/cypher/executor.go:2092.2,2092.43 1 1
github.com/orneryd/nornicdb/pkg/cypher/executor.go:2092.43,2097.3 4 1
github.com/orneryd/nornicdb/pkg/cypher/executor.go:2100.2,2100.49 1 1
github.com/orneryd/nornicdb/pkg/cypher/executor.go:2100.49,2102.3 1 1
github.com/orneryd/nornicdb/pkg/cypher/executor.go:2103.2,2103.52 1 1
github.com/orneryd/nornicdb/pkg/cypher/executor.go:2103.52,2105.3 1 1
github.com/orneryd/nornicdb/pkg/cypher/executor.go:2106.2,2106.50 1 1
github.com/orneryd/nornicdb/pkg/cypher/executor.go:2106.50,2108.3 1 1
github.com/orneryd/nornicdb/pkg/cypher/executor.go:2109.2,2109.43 1 1
github.com/orneryd/nornicdb/pkg/cypher/executor.go:2109.43,2111.3 1 1
github.com/orneryd/nornicdb/pkg/cypher/executor.go:2112.2,2112.47 1 1
github.com/orneryd/nornicdb/pkg/cypher/executor.go:2112.47,2114.3 1 1
github.com/orneryd/nornicdb/pkg/cypher/executor.go:2115.2,2115.51 1 1
github.com/orneryd/nornicdb/pkg/cypher/executor.go:2115.51,2117.3 1 1
github.com/orneryd/nornicdb/pkg/cypher/executor.go:2120.2,2125.35 4 1
github.com/orneryd/nornicdb/pkg/cypher/executor.go:2125.35,2127.15 2 1
github.com/orneryd/nornicdb/pkg/cypher/executor.go:2127.15,2130.9 3 1
github.com/orneryd/nornicdb/pkg/cypher/executor.go:2134.2,2134.14 1 1
github.com/orneryd/nornicdb/pkg/cypher/executor.go:2134.14,2136.3 1 1
github.com/orneryd/nornicdb/pkg/cypher/executor.go:2138.2,2142.44 3 1
github.com/orneryd/nornicdb/pkg/cypher/executor.go:2142.44,2144.3 1 1
github.com/orneryd/nornicdb/pkg/cypher/executor.go:2146.2,2150.13 3 1
github.com/orneryd/nornicdb/pkg/cypher/executor.go:2150.13,2152.3 1 1
github.com/orneryd/nornicdb/pkg/cypher/executor.go:2155.2,2158.12 2 1
github.com/orneryd/nornicdb/pkg/cypher/executor.go:2159.11,2160.48 1 1
github.com/orneryd/nornicdb/pkg/cypher/executor.go:2161.18,2162.49 1 1
github.com/orneryd/nornicdb/pkg/cypher/executor.go:2163.11,2164.50 1 1
github.com/orneryd/nornicdb/pkg/cypher/executor.go:2165.12,2166.92 1 1
github.com/orneryd/nornicdb/pkg/cypher/executor.go:2167.11,2168.47 1 1
github.com/orneryd/nornicdb/pkg/cypher/executor.go:2169.12,2170.89 1 1
github.com/orneryd/nornicdb/pkg/cypher/executor.go:2171.12,2172.48 1 1
github.com/orneryd/nornicdb/pkg/cypher/executor.go:2173.10,2174.14 1 0
github.com/orneryd/nornicdb/pkg/cypher/executor.go:2179.60,2184.62 2 1
github.com/orneryd/nornicdb/pkg/cypher/executor.go:2184.62,2186.3 1 1
github.com/orneryd/nornicdb/pkg/cypher/executor.go:2189.2,2190.21 2 1
github.com/orneryd/nornicdb/pkg/cypher/executor.go:2190.21,2192.3 1 1
github.com/orneryd/nornicdb/pkg/cypher/executor.go:2193.2,2193.22 1 1
github.com/orneryd/nornicdb/pkg/cypher/executor.go:2193.22,2195.3 1 1
github.com/orneryd/nornicdb/pkg/cypher/executor.go:2196.2,2196.21 1 1
github.com/orneryd/nornicdb/pkg/cypher/executor.go:2196.21,2198.3 1 1
github.com/orneryd/nornicdb/pkg/cypher/executor.go:2201.2,2201.55 1 1
github.com/orneryd/nornicdb/pkg/cypher/executor.go:2201.55,2203.3 1 1
github.com/orneryd/nornicdb/pkg/cypher/executor.go:2204.2,2204.53 1 1
github.com/orneryd/nornicdb/pkg/cypher/executor.go:2204.53,2206.3 1 1
github.com/orneryd/nornicdb/pkg/cypher/executor.go:2208.2,2208.10 1 1
github.com/orneryd/nornicdb/pkg/cypher/executor.go:2212.75,2214.38 1 1
github.com/orneryd/nornicdb/pkg/cypher/executor.go:2214.38,2216.3 1 1
github.com/orneryd/nornicdb/pkg/cypher/executor.go:2217.2,2217.38 1 1
github.com/orneryd/nornicdb/pkg/cypher/executor.go:2217.38,2219.3 1 1
github.com/orneryd/nornicdb/pkg/cypher/executor.go:2222.2,2224.28 3 1
github.com/orneryd/nornicdb/pkg/cypher/executor.go:2224.28,2226.3 1 1
github.com/orneryd/nornicdb/pkg/cypher/executor.go:2229.2,2229.65 1 1
github.com/orneryd/nornicdb/pkg/cypher/executor.go:2233.77,2236.28 3 1
github.com/orneryd/nornicdb/pkg/cypher/executor.go:2236.28,2238.3 1 1
github.com/orneryd/nornicdb/pkg/cypher/executor.go:2241.2,2241.64 1 1
github.com/orneryd/nornicdb/pkg/cypher/executor.go:2245.74,2248.28 3 1
github.com/orneryd/nornicdb/pkg/cypher/executor.go:2248.28,2250.3 1 1
github.com/orneryd/nornicdb/pkg/cypher/executor.go:2253.2,2253.64 1 1
github.com/orneryd/nornicdb/pkg/cypher/executor.go:2257.75,2259.9 2 1
github.com/orneryd/nornicdb/pkg/cypher/executor.go:2259.9,2261.3 1 1
github.com/orneryd/nornicdb/pkg/cypher/executor.go:2263.2,2265.16 3 1
github.com/orneryd/nornicdb/pkg/cypher/executor.go:2265.16,2267.3 1 1
github.com/orneryd/nornicdb/pkg/cypher/executor.go:2268.2,2268.16 1 1
github.com/orneryd/nornicdb/pkg/cypher/executor.go:2272.103,2275.15 3 1
github.com/orneryd/nornicdb/pkg/cypher/executor.go:2275.15,2277.3 1 0
github.com/orneryd/nornicdb/pkg/cypher/executor.go:2279.2,2283.44 3 1
github.com/orneryd/nornicdb/pkg/cypher/executor.go:2283.44,2285.3 1 1
github.com/orneryd/nornicdb/pkg/cypher/executor.go:2286.2,2289.13 3 1
github.com/orneryd/nornicdb/pkg/cypher/executor.go:2289.13,2291.3 1 1
github.com/orneryd/nornicdb/pkg/cypher/executor.go:2293.2,2296.12 3 1
github.com/orneryd/nornicdb/pkg/cypher/executor.go:2297.18,2298.50 1 1
github.com/orneryd/nornicdb/pkg/cypher/executor.go:2299.21,2300.51 1 1
github.com/orneryd/nornicdb/pkg/cypher/executor.go:2301.19,2302.51 1 1
github.com/orneryd/nornicdb/pkg/cypher/executor.go:2304.2,2304.13 1 0
github.com/orneryd/nornicdb/pkg/cypher/executor.go:2308.95,2311.15 3 1
github.com/orneryd/nornicdb/pkg/cypher/executor.go:2311.15,2313.3 1 0
github.com/orneryd/nornicdb/pkg/cypher/executor.go:2315.2,2319.44 3 1
github.com/orneryd/nornicdb/pkg/cypher/executor.go:2319.44,2321.3 1 1
github.com/orneryd/nornicdb/pkg/cypher/executor.go:2322.2,2325.13 3 1
github.com/orneryd/nornicdb/pkg/cypher/executor.go:2325.13,2327.3 1 1
github.com/orneryd/nornicdb/pkg/cypher/executor.go:2330.2,2330.68 1 1
github.com/orneryd/nornicdb/pkg/cypher/executor.go:2330.68,2333.30 3 1
github.com/orneryd/nornicdb/pkg/cypher/executor.go:2333.30,2335.42 2 1
github.com/orneryd/nornicdb/pkg/cypher/executor.go:2335.42,2337.5 1 1
github.com/orneryd/nornicdb/pkg/cypher/executor.go:2340.2,2340.14 1 1
github.com/orneryd/nornicdb/pkg/cypher/executor.go:2344.117,2348.19 3 1
github.com/orneryd/nornicdb/pkg/cypher/executor.go:2348.19,2351.3 2 1
github.com/orneryd/nornicdb/pkg/cypher/executor.go:2351.8,2354.3 2 1
github.com/orneryd/nornicdb/pkg/cypher/executor.go:2357.2,2357.48 1 1
github.com/orneryd/nornicdb/pkg/cypher/executor.go:2357.48,2359.3 1 1
github.com/orneryd/nornicdb/pkg/cypher/executor.go:2360.2,2364.19 3 1
github.com/orneryd/nornicdb/pkg/cypher/executor.go:2364.19,2366.3 1 1
github.com/orneryd/nornicdb/pkg/cypher/executor.go:2367.2,2367.16 1 1
github.com/orneryd/nornicdb/pkg/cypher/executor.go:2371.47,2372.25 1 1
github.com/orneryd/nornicdb/pkg/cypher/executor.go:2373.15,2374.19 1 1
github.com/orneryd/nornicdb/pkg/cypher/executor.go:2375.15,2376.28 1 1
github.com/orneryd/nornicdb/pkg/cypher/executor.go:2377.11,2378.28 1 1
github.com/orneryd/nornicdb/pkg/cypher/executor.go:2379.13,2380.28 1 0
github.com/orneryd/nornicdb/pkg/cypher/executor.go:2381.13,2382.28 1 1
github.com/orneryd/nornicdb/pkg/cypher/executor.go:2383.14,2384.56 1 1
github.com/orneryd/nornicdb/pkg/cypher/executor.go:2384.56,2386.4 1 1
github.com/orneryd/nornicdb/pkg/cypher/executor.go:2388.2,2388.17 1 1
github.com/orneryd/nornicdb/pkg/cypher/executor.go:2391.111,2396.40 3 1
github.com/orneryd/nornicdb/pkg/cypher/executor.go:2396.40,2398.3 1 0
github.com/orneryd/nornicdb/pkg/cypher/executor.go:2401.2,2401.33 1 1
github.com/orneryd/nornicdb/pkg/cypher/executor.go:2401.33,2403.46 2 1
github.com/orneryd/nornicdb/pkg/cypher/executor.go:2403.46,2405.48 2 1
github.com/orneryd/nornicdb/pkg/cypher/executor.go:2405.48,2407.5 1 1
github.com/orneryd/nornicdb/pkg/cypher/executor.go:2409.4,2409.24 1 1
github.com/orneryd/nornicdb/pkg/cypher/executor.go:2409.24,2411.5 1 1
github.com/orneryd/nornicdb/pkg/cypher/executor.go:2412.4,2412.14 1 1
github.com/orneryd/nornicdb/pkg/cypher/executor.go:2417.2,2417.37 1 1
github.com/orneryd/nornicdb/pkg/cypher/executor.go:2417.37,2423.3 1 1
github.com/orneryd/nornicdb/pkg/cypher/executor.go:2425.2,2425.12 1 1
github.com/orneryd/nornicdb/pkg/cypher/executor.go:2428.47,2431.2 1 1
github.com/orneryd/nornicdb/pkg/cypher/executor.go:2435.45,2438.2 2 1
github.com/orneryd/nornicdb/pkg/cypher/parser.go:27.26,29.2 1 1
github.com/orneryd/nornicdb/pkg/cypher/parser.go:50.39,50.40 0 1
github.com/orneryd/nornicdb/pkg/cypher/parser.go:57.40,57.41 0 1
github.com/orneryd/nornicdb/pkg/cypher/parser.go:67.40,67.41 0 1
github.com/orneryd/nornicdb/pkg/cypher/parser.go:74.39,74.40 0 1
github.com/orneryd/nornicdb/pkg/cypher/parser.go:81.37,81.38 0 1
github.com/orneryd/nornicdb/pkg/cypher/parser.go:89.40,89.41 0 1
github.com/orneryd/nornicdb/pkg/cypher/parser.go:134.40,134.41 0 1
github.com/orneryd/nornicdb/pkg/cypher/parser.go:143.36,143.37 0 1
github.com/orneryd/nornicdb/pkg/cypher/parser.go:150.33,150.34 0 1
github.com/orneryd/nornicdb/pkg/cypher/parser.go:157.35,157.36 0 1
github.com/orneryd/nornicdb/pkg/cypher/parser.go:165.38,165.39 0 1
github.com/orneryd/nornicdb/pkg/cypher/parser.go:187.55,198.22 4 1
github.com/orneryd/nornicdb/pkg/cypher/parser.go:198.22,200.3 1 1
github.com/orneryd/nornicdb/pkg/cypher/parser.go:203.2,204.24 2 1
github.com/orneryd/nornicdb/pkg/cypher/parser.go:204.24,207.16 2 1
github.com/orneryd/nornicdb/pkg/cypher/parser.go:208.16,210.18 2 1
github.com/orneryd/nornicdb/pkg/cypher/parser.go:210.18,212.5 1 0
github.com/orneryd/nornicdb/pkg/cypher/parser.go:213.4,215.27 3 1
github.com/orneryd/nornicdb/pkg/cypher/parser.go:217.19,218.72 1 1
github.com/orneryd/nornicdb/pkg/cypher/parser.go:218.72,220.19 2 1
github.com/orneryd/nornicdb/pkg/cypher/parser.go:220.19,222.6 1 0
github.com/orneryd/nornicdb/pkg/cypher/parser.go:223.5,225.17 3 1
github.com/orneryd/nornicdb/pkg/cypher/parser.go:228.17,230.18 2 1
github.com/orneryd/nornicdb/pkg/cypher/parser.go:230.18,232.5 1 0
github.com/orneryd/nornicdb/pkg/cypher/parser.go:233.4,235.28 3 1
github.com/orneryd/nornicdb/pkg/cypher/parser.go:237.17,239.18 2 1
github.com/orneryd/nornicdb/pkg/cypher/parser.go:239.18,241.5 1 0
github.com/orneryd/nornicdb/pkg/cypher/parser.go:242.4,243.16 2 1
github.com/orneryd/nornicdb/pkg/cypher/parser.go:245.16,247.18 2 1
github.com/orneryd/nornicdb/pkg/cypher/parser.go:247.18,249.5 1 0
github.com/orneryd/nornicdb/pkg/cypher/parser.go:250.4,251.16 2 1
github.com/orneryd/nornicdb/pkg/cypher/parser.go:253.14,255.18 2 1
github.com/orneryd/nornicdb/pkg/cypher/parser.go:255.18,257.5 1 0
github.com/orneryd/nornicdb/pkg/cypher/parser.go:258.4,260.25 3 1
github.com/orneryd/nornicdb/pkg/cypher/parser.go:262.27,264.18 2 1
github.com/orneryd/nornicdb/pkg/cypher/parser.go:264.18,266.5 1 0
github.com/orneryd/nornicdb/pkg/cypher/parser.go:267.4,269.28 3 1
github.com/orneryd/nornicdb/pkg/cypher/parser.go:271.11,272.9 1 1
github.com/orneryd/nornicdb/pkg/cypher/parser.go:276.2,276.19 1 1
github.com/orneryd/nornicdb/pkg/cypher/parser.go:280.82,290.2 3 1
github.com/orneryd/nornicdb/pkg/cypher/parser.go:293.84,297.2 3 1
github.com/orneryd/nornicdb/pkg/cypher/parser.go:300.84,306.2 3 1
github.com/orneryd/nornicdb/pkg/cypher/parser.go:309.82,313.2 3 1
github.com/orneryd/nornicdb/pkg/cypher/parser.go:316.78,322.2 3 1
github.com/orneryd/nornicdb/pkg/cypher/parser.go:325.84,328.46 2 1
github.com/orneryd/nornicdb/pkg/cypher/parser.go:328.46,331.3 2 1
github.com/orneryd/nornicdb/pkg/cypher/parser.go:332.2,334.25 2 1
github.com/orneryd/nornicdb/pkg/cypher/parser.go:338.39,345.35 5 1
github.com/orneryd/nornicdb/pkg/cypher/parser.go:345.35,348.15 2 1
github.com/orneryd/nornicdb/pkg/cypher/parser.go:348.15,350.23 2 1
github.com/orneryd/nornicdb/pkg/cypher/parser.go:350.23,354.5 3 1
github.com/orneryd/nornicdb/pkg/cypher/parser.go:355.4,355.12 1 1
github.com/orneryd/nornicdb/pkg/cypher/parser.go:358.3,358.12 1 1
github.com/orneryd/nornicdb/pkg/cypher/parser.go:359.18,362.24 3 1
github.com/orneryd/nornicdb/pkg/cypher/parser.go:363.30,364.25 1 1
github.com/orneryd/nornicdb/pkg/cypher/parser.go:364.25,367.5 2 1
github.com/orneryd/nornicdb/pkg/cypher/parser.go:368.87,369.25 1 1
github.com/orneryd/nornicdb/pkg/cypher/parser.go:369.25,372.5 2 1
github.com/orneryd/nornicdb/pkg/cypher/parser.go:373.4,373.38 1 1
github.com/orneryd/nornicdb/pkg/cypher/parser.go:374.11,375.24 1 1
github.com/orneryd/nornicdb/pkg/cypher/parser.go:379.2,379.23 1 1
github.com/orneryd/nornicdb/pkg/cypher/parser.go:379.23,381.3 1 1
github.com/orneryd/nornicdb/pkg/cypher/parser.go:383.2,383.15 1 1
github.com/orneryd/nornicdb/pkg/cypher/parser.go:393.30,397.2 1 1
github.com/orneryd/nornicdb/pkg/cypher/parser.go:400.104,403.16 2 1
github.com/orneryd/nornicdb/pkg/cypher/parser.go:403.16,405.3 1 1
github.com/orneryd/nornicdb/pkg/cypher/parser.go:408.2,408.27 1 1
github.com/orneryd/nornicdb/pkg/cypher/parser.go:408.27,410.3 1 1
github.com/orneryd/nornicdb/pkg/cypher/parser.go:413.2,421.20 3 1
github.com/orneryd/nornicdb/pkg/cypher/parser.go:431.33,433.2 1 1
